#
# A fatal error has been detected by the Java Runtime Environment:
#
#  EXCEPTION_ACCESS_VIOLATION (0xc0000005) at pc=0x00007fffda976918, pid=45344, tid=34812
#
# JRE version: Java(TM) SE Runtime Environment (21.0.5+9) (build 21.0.5+9-LTS-239)
# Java VM: Java HotSpot(TM) 64-Bit Server VM (21.0.5+9-LTS-239, mixed mode, sharing, tiered, compressed oops, compressed class ptrs, g1 gc, windows-amd64)
# Problematic frame:
# C  [jdwp.dll+0x26918]
#
# No core dump will be written. Minidumps are not enabled by default on client versions of Windows
#
# If you would like to submit a bug report, please visit:
#   https://bugreport.java.com/bugreport/crash.jsp
# The crash happened outside the Java Virtual Machine in native code.
# See problematic frame for where to report the bug.
#

---------------  S U M M A R Y ------------

Command Line: -Ddebugger.agent.enable.coroutines=true -Dkotlinx.coroutines.debug.enable.creation.stack.trace=false -Dkotlinx.coroutines.debug.enable.flows.stack.trace=true -Dkotlinx.coroutines.debug.enable.mutable.state.flows.stack.trace=true -agentlib:jdwp=transport=dt_socket,server=n,suspend=y,address=127.0.0.1:51351 -javaagent:C:\Users\Robert\AppData\Local\JetBrains\IdeaIC2025.1\captureAgent\debugger-agent.jar=file:///C:/Users/Robert/AppData/Local/Temp/capture18100719812241332447.props -Xmx8G -Dfile.encoding=UTF-8 -Duser.country=US -Duser.language=en -Duser.variant me.formercanuck.automationsurvival.Main

Host: AMD Ryzen 7 5800X 8-Core Processor             , 16 cores, 47G,  Windows 11 , 64 bit Build 26100 (10.0.26100.4768)
Time: Fri Aug 15 12:14:26 2025 Eastern Daylight Time elapsed time: 0.232401 seconds (0d 0h 0m 0s)

---------------  T H R E A D  ---------------

Current thread (0x000001f3116f5f80):  JavaThread "main"             [_thread_in_native, id=34812, stack(0x0000002192d00000,0x0000002192e00000) (1024K)]

Stack: [0x0000002192d00000,0x0000002192e00000],  sp=0x0000002192dfec68,  free space=1019k
Native frames: (J=compiled Java code, j=interpreted, Vv=VM code, C=native code)
C  [jdwp.dll+0x26918]

Java frames: (J=compiled Java code, j=interpreted, Vv=VM code)
j  org.lwjgl.glfw.GLFW.glfwInit()Z+0
j  me.formercanuck.automationsurvival.Main.init()V+0
j  me.formercanuck.automationsurvival.Main.run()V+1
j  me.formercanuck.automationsurvival.Main.main([Ljava/lang/String;)V+7
v  ~StubRoutines::call_stub 0x000001f3232e100d

siginfo: EXCEPTION_ACCESS_VIOLATION (0xc0000005), reading address 0xffffffffffffffff


Registers:
RAX=0x000001f37e587a10, RBX=0x000001f3359b9870, RCX=0x000001f3116f6338, RDX=0x000001f3359b9870
RSP=0x0000002192dfec68, RBP=0x0000000000000002, RSI=0x0000002192dfed10, RDI=0x000001f3116f6338
R8 =0x0000000000010002, R9 =0x0000000000000000, R10=0x00007fffe1bc0000, R11=0x0000002192dfec38
R12=0x0000000000000007, R13=0x000001f3359b9870, R14=0x00007fffda980400, R15=0x0000000000000000
RIP=0x00007fffda976918, EFLAGS=0x0000000000010206


Register to memory mapping:

RAX=0x000001f37e587a10 points into unknown readable memory: 0x0000000000000000 | 00 00 00 00 00 00 00 00
RBX=0x000001f3359b9870 points into unknown readable memory: 0x000000062fc0a690 | 90 a6 c0 2f 06 00 00 00
RCX=0x000001f3116f6338 points into unknown readable memory: 0x000001f37e587a10 | 10 7a 58 7e f3 01 00 00
RDX=0x000001f3359b9870 points into unknown readable memory: 0x000000062fc0a690 | 90 a6 c0 2f 06 00 00 00
RSP=0x0000002192dfec68 is pointing into the stack for thread: 0x000001f3116f5f80
RBP=0x0000000000000002 is an unknown value
RSI=0x0000002192dfed10 is pointing into the stack for thread: 0x000001f3116f5f80
RDI=0x000001f3116f6338 points into unknown readable memory: 0x000001f37e587a10 | 10 7a 58 7e f3 01 00 00
R8 =0x0000000000010002 is an unknown value
R9 =0x0 is null
R10=0x00007fffe1bc0000 VCRUNTIME140.dll
R11=0x0000002192dfec38 is pointing into the stack for thread: 0x000001f3116f5f80
R12=0x0000000000000007 is an unknown value
R13=0x000001f3359b9870 points into unknown readable memory: 0x000000062fc0a690 | 90 a6 c0 2f 06 00 00 00
R14=0x00007fffda980400 jdwp.dll
R15=0x0 is null

Top of Stack: (sp=0x0000002192dfec68)
0x0000002192dfec68:   00007fffda9661bf 000001f3359b9870
0x0000002192dfec78:   0000002192dfed10 0000000000000000
0x0000002192dfec88:   0000000000000000 000001f3358ed770
0x0000002192dfec98:   0000000000000020 000001f3116f9c40
0x0000002192dfeca8:   00007fffda980428 000001f3116f6550
0x0000002192dfecb8:   00007fffda96283f 000001f3359b9870
0x0000002192dfecc8:   0000000000000002 000001f3116f6338
0x0000002192dfecd8:   000001f3359b9878 000001f338872760
0x0000002192dfece8:   00007fff6af958e5 000001f33896ff28
0x0000002192dfecf8:   000001f338872760 0000000000000000
0x0000002192dfed08:   0000000bffffffff 0000000000000007
0x0000002192dfed18:   000001f3359b9870 0000000000000000
0x0000002192dfed28:   000001f3359b9878 0000000000000000
0x0000002192dfed38:   0000000000000000 0000000000000000
0x0000002192dfed48:   0000000000000000 0000000000000000
0x0000002192dfed58:   0000000000000000 0000000000000000
0x0000002192dfed68:   000001f3116f6550 000001f33a015118
0x0000002192dfed78:   00007fff6b288cb7 000001f3359b9878
0x0000002192dfed88:   000001f338a4bb30 000001f3116f5f80
0x0000002192dfed98:   00000000000003d8 0000000000000000
0x0000002192dfeda8:   000001f3116e8240 0000002192dfef20
0x0000002192dfedb8:   0000000000000005 000001f33a015118
0x0000002192dfedc8:   00007fff6af93982 0000352e5b82ae1c
0x0000002192dfedd8:   000001f339613ea0 000001f313a129e0
0x0000002192dfede8:   000001f313a1fd70 000001f313a1fd80
0x0000002192dfedf8:   000001f313a20158 00000000000003d8
0x0000002192dfee08:   000001f3116f5f80 000001f3116f5f80
0x0000002192dfee18:   000001f313a12860 000001f3116e67a0
0x0000002192dfee28:   000001f3116e67b8 000001f3116e6888
0x0000002192dfee38:   00000000000000d8 0000002192dfee50
0x0000002192dfee48:   00007fff6b399ca3 000001f3116f5f80
0x0000002192dfee58:   000001f313a12860 000001f3116e67a0 

Instructions: (pc=0x00007fffda976918)
0x00007fffda976818:   05 e3 08 01 00 48 8b 03 48 8b d7 4d 8b 40 30 48
0x00007fffda976828:   8b cb 48 8b 5c 24 30 48 83 c4 20 5f 48 ff a0 00
0x00007fffda976838:   01 00 00 cc 48 89 5c 24 08 57 48 83 ec 20 48 8b
0x00007fffda976848:   f9 e8 f2 ea ff ff 4c 8b 05 ab 08 01 00 48 8b d8
0x00007fffda976858:   41 f6 80 10 02 00 00 02 74 33 41 b8 20 06 00 00
0x00007fffda976868:   48 8d 15 19 c4 00 00 48 8d 0d 8e 5b 00 00 e8 d9
0x00007fffda976878:   48 ff ff 48 8d 15 56 9a 00 00 48 8d 0d 8f 5b 00
0x00007fffda976888:   00 e8 6e 49 ff ff 4c 8b 05 6b 08 01 00 48 8b 03
0x00007fffda976898:   48 8b d7 4d 8b 40 38 48 8b cb 48 8b 5c 24 30 48
0x00007fffda9768a8:   83 c4 20 5f 48 ff a0 00 01 00 00 cc 48 89 5c 24
0x00007fffda9768b8:   08 57 48 83 ec 20 48 8b f9 e8 7a ea ff ff 48 8b
0x00007fffda9768c8:   15 33 08 01 00 48 8b d8 f6 82 10 02 00 00 02 74
0x00007fffda9768d8:   2c 41 b8 12 06 00 00 48 8d 15 a2 c3 00 00 48 8d
0x00007fffda9768e8:   0d 17 5b 00 00 e8 62 48 ff ff 48 8d 15 f7 6b 00
0x00007fffda9768f8:   00 48 8d 0d 18 5b 00 00 e8 f7 48 ff ff 48 8b 03
0x00007fffda976908:   48 8b d7 48 8b cb 48 8b 5c 24 30 48 83 c4 20 5f
0x00007fffda976918:   48 ff a0 50 07 00 00 cc 48 89 5c 24 08 48 89 74
0x00007fffda976928:   24 10 48 89 7c 24 18 41 56 48 83 ec 20 4c 63 f2
0x00007fffda976938:   49 8b d8 48 8b d1 41 8b f9 48 8b cb 4d 8d 46 ff
0x00007fffda976948:   ff 15 22 59 00 00 85 c0 75 3c 41 0f be 44 1e ff
0x00007fffda976958:   3b c7 75 32 49 03 de eb 10 0f be c8 ff 15 f6 58
0x00007fffda976968:   00 00 85 c0 74 09 48 ff c3 8a 03 84 c0 75 ea 80
0x00007fffda976978:   3b 3b 74 12 8b d7 48 8b cb e8 2c 4b 00 00 48 85
0x00007fffda976988:   c0 0f 94 c0 eb 02 32 c0 48 8b 5c 24 30 48 8b 74
0x00007fffda976998:   24 38 48 8b 7c 24 40 48 83 c4 20 41 5e c3 cc cc
0x00007fffda9769a8:   0f b6 d1 83 fa 1e 0f 87 83 00 00 00 74 7b 83 fa
0x00007fffda9769b8:   07 77 41 74 39 83 ea 01 74 2e 83 ea 01 74 23 83
0x00007fffda9769c8:   ea 01 74 18 83 ea 01 74 0d 83 fa 02 0f 85 8a 00
0x00007fffda9769d8:   00 00 8d 42 03 c3 b8 04 00 00 00 c3 b8 03 00 00
0x00007fffda9769e8:   00 c3 b8 02 00 00 00 c3 b8 01 00 00 00 c3 b8 06
0x00007fffda9769f8:   00 00 00 c3 b8 08 00 00 00 2b d0 74 26 83 ea 01
0x00007fffda976a08:   0f 84 88 00 00 00 83 ea 01 74 12 b8 0a 00 00 00 


Stack slot to memory mapping:

stack at sp + 0 slots: 0x00007fffda9661bf jdwp.dll
stack at sp + 1 slots: 0x000001f3359b9870 points into unknown readable memory: 0x000000062fc0a690 | 90 a6 c0 2f 06 00 00 00
stack at sp + 2 slots: 0x0000002192dfed10 is pointing into the stack for thread: 0x000001f3116f5f80
stack at sp + 3 slots: 0x0 is null
stack at sp + 4 slots: 0x0 is null
stack at sp + 5 slots: 0x000001f3358ed770 points into unknown readable memory: 0x000001f3116f9bd0 | d0 9b 6f 11 f3 01 00 00
stack at sp + 6 slots: 0x0000000000000020 is an unknown value
stack at sp + 7 slots: 0x000001f3116f9c40 points into unknown readable memory: 0x8000001200000001 | 01 00 00 00 12 00 00 80


---------------  P R O C E S S  ---------------

Threads class SMR info:
_java_thread_list=0x000001f338b781e0, length=19, elements={
0x000001f3116f5f80, 0x000001f3359d05e0, 0x000001f3359d3cb0, 0x000001f3359d9880,
0x000001f3359da760, 0x000001f3359dbd20, 0x000001f3359dd410, 0x000001f3359e09e0,
0x000001f338869f60, 0x000001f3359edec0, 0x000001f33599dee0, 0x000001f338a20690,
0x000001f338a210a0, 0x000001f338a64db0, 0x000001f338b394e0, 0x000001f338ab4d00,
0x000001f338ab5380, 0x000001f338b579e0, 0x000001f338b52ff0
}

Java Threads: ( => current thread )
=>0x000001f3116f5f80 JavaThread "main"                              [_thread_in_native, id=34812, stack(0x0000002192d00000,0x0000002192e00000) (1024K)]
  0x000001f3359d05e0 JavaThread "Reference Handler"          daemon [_thread_blocked, id=56104, stack(0x0000002193500000,0x0000002193600000) (1024K)]
  0x000001f3359d3cb0 JavaThread "Finalizer"                  daemon [_thread_blocked, id=40696, stack(0x0000002193600000,0x0000002193700000) (1024K)]
  0x000001f3359d9880 JavaThread "Signal Dispatcher"          daemon [_thread_blocked, id=42096, stack(0x0000002193700000,0x0000002193800000) (1024K)]
  0x000001f3359da760 JavaThread "Attach Listener"            daemon [_thread_blocked, id=55576, stack(0x0000002193800000,0x0000002193900000) (1024K)]
  0x000001f3359dbd20 JavaThread "Service Thread"             daemon [_thread_blocked, id=56352, stack(0x0000002193900000,0x0000002193a00000) (1024K)]
  0x000001f3359dd410 JavaThread "Monitor Deflation Thread"   daemon [_thread_blocked, id=55916, stack(0x0000002193a00000,0x0000002193b00000) (1024K)]
  0x000001f3359e09e0 JavaThread "C2 CompilerThread0"         daemon [_thread_blocked, id=38756, stack(0x0000002193b00000,0x0000002193c00000) (1024K)]
  0x000001f338869f60 JavaThread "C1 CompilerThread0"         daemon [_thread_blocked, id=44100, stack(0x0000002193c00000,0x0000002193d00000) (1024K)]
  0x000001f3359edec0 JavaThread "C1 CompilerThread1"         daemon [_thread_blocked, id=49716, stack(0x0000002193d00000,0x0000002193e00000) (1024K)]
  0x000001f33599dee0 JavaThread "Common-Cleaner"             daemon [_thread_blocked, id=50628, stack(0x0000002193e00000,0x0000002193f00000) (1024K)]
  0x000001f338a20690 JavaThread "C1 CompilerThread2"         daemon [_thread_blocked, id=55924, stack(0x0000002193f00000,0x0000002194000000) (1024K)]
  0x000001f338a210a0 JavaThread "C1 CompilerThread3"         daemon [_thread_blocked, id=22044, stack(0x0000002194000000,0x0000002194100000) (1024K)]
  0x000001f338a64db0 JavaThread "C2 CompilerThread1"         daemon [_thread_blocked, id=56744, stack(0x0000002194100000,0x0000002194200000) (1024K)]
  0x000001f338b394e0 JavaThread "JDWP Transport Listener: dt_socket" daemon [_thread_blocked, id=32992, stack(0x0000002194200000,0x0000002194300000) (1024K)]
  0x000001f338ab4d00 JavaThread "JDWP Event Helper Thread"   daemon [_thread_blocked, id=33616, stack(0x0000002194300000,0x0000002194400000) (1024K)]
  0x000001f338ab5380 JavaThread "JDWP Command Reader"        daemon [_thread_in_native, id=55920, stack(0x0000002194400000,0x0000002194500000) (1024K)]
  0x000001f338b579e0 JavaThread "IntelliJ Suspend Helper"    daemon [_thread_blocked, id=5524, stack(0x0000002194500000,0x0000002194600000) (1024K)]
  0x000001f338b52ff0 JavaThread "Notification Thread"        daemon [_thread_blocked, id=55080, stack(0x0000002194600000,0x0000002194700000) (1024K)]
Total: 19

Other Threads:
  0x000001f3359b5710 VMThread "VM Thread"                           [id=28716, stack(0x0000002193400000,0x0000002193500000) (1024K)]
  0x000001f338840af0 WatcherThread "VM Periodic Task Thread"        [id=33356, stack(0x0000002193300000,0x0000002193400000) (1024K)]
  0x000001f335831120 WorkerThread "GC Thread#0"                     [id=59100, stack(0x0000002192e00000,0x0000002192f00000) (1024K)]
  0x000001f313a99850 ConcurrentGCThread "G1 Main Marker"            [id=56872, stack(0x0000002192f00000,0x0000002193000000) (1024K)]
  0x000001f313a9aa00 WorkerThread "G1 Conc#0"                       [id=43176, stack(0x0000002193000000,0x0000002193100000) (1024K)]
  0x000001f3358f3300 ConcurrentGCThread "G1 Refine#0"               [id=44696, stack(0x0000002193100000,0x0000002193200000) (1024K)]
  0x000001f3358f3d80 ConcurrentGCThread "G1 Service"                [id=56892, stack(0x0000002193200000,0x0000002193300000) (1024K)]
Total: 7

Threads with active compile tasks:
Total: 0

VM state: not at safepoint (normal execution)

VM Mutex/Monitor currently owned by a thread: None

Heap address: 0x0000000600000000, size: 8192 MB, Compressed Oops mode: Zero based, Oop shift amount: 3

CDS archive(s) mapped at: [0x000001f339000000-0x000001f339c90000-0x000001f339c90000), size 13172736, SharedBaseAddress: 0x000001f339000000, ArchiveRelocationMode: 1.
Compressed class space mapped at: 0x000001f33a000000-0x000001f37a000000, reserved size: 1073741824
Narrow klass base: 0x000001f339000000, Narrow klass shift: 0, Narrow klass range: 0x100000000

GC Precious Log:
 CardTable entry size: 512
 Card Set container configuration: InlinePtr #cards 4 size 8 Array Of Cards #cards 32 size 80 Howl #buckets 8 coarsen threshold 7372 Howl Bitmap #cards 1024 size 144 coarsen threshold 921 Card regions per heap region 1 cards per card region 8192
 CPUs: 16 total, 16 available
 Memory: 49078M
 Large Page Support: Disabled
 NUMA Support: Disabled
 Compressed Oops: Enabled (Zero based)
 Heap Region Size: 4M
 Heap Min Capacity: 8M
 Heap Initial Capacity: 768M
 Heap Max Capacity: 8G
 Pre-touch: Disabled
 Parallel Workers: 13
 Concurrent Workers: 3
 Concurrent Refinement Workers: 13
 Periodic GC: Disabled

Heap:
 garbage-first heap   total 786432K, used 12288K [0x0000000600000000, 0x0000000800000000)
  region size 4096K, 4 young (16384K), 0 survivors (0K)
 Metaspace       used 4214K, committed 4416K, reserved 1114112K
  class space    used 334K, committed 448K, reserved 1048576K

Heap Regions: E=young(eden), S=young(survivor), O=old, HS=humongous(starts), HC=humongous(continues), CS=collection set, F=free, TAMS=top-at-mark-start, PB=parsable bottom
|   0|0x0000000600000000, 0x0000000600000000, 0x0000000600400000|  0%| F|  |TAMS 0x0000000600000000| PB 0x0000000600000000| Untracked 
|   1|0x0000000600400000, 0x0000000600400000, 0x0000000600800000|  0%| F|  |TAMS 0x0000000600400000| PB 0x0000000600400000| Untracked 
|   2|0x0000000600800000, 0x0000000600800000, 0x0000000600c00000|  0%| F|  |TAMS 0x0000000600800000| PB 0x0000000600800000| Untracked 
|   3|0x0000000600c00000, 0x0000000600c00000, 0x0000000601000000|  0%| F|  |TAMS 0x0000000600c00000| PB 0x0000000600c00000| Untracked 
|   4|0x0000000601000000, 0x0000000601000000, 0x0000000601400000|  0%| F|  |TAMS 0x0000000601000000| PB 0x0000000601000000| Untracked 
|   5|0x0000000601400000, 0x0000000601400000, 0x0000000601800000|  0%| F|  |TAMS 0x0000000601400000| PB 0x0000000601400000| Untracked 
|   6|0x0000000601800000, 0x0000000601800000, 0x0000000601c00000|  0%| F|  |TAMS 0x0000000601800000| PB 0x0000000601800000| Untracked 
|   7|0x0000000601c00000, 0x0000000601c00000, 0x0000000602000000|  0%| F|  |TAMS 0x0000000601c00000| PB 0x0000000601c00000| Untracked 
|   8|0x0000000602000000, 0x0000000602000000, 0x0000000602400000|  0%| F|  |TAMS 0x0000000602000000| PB 0x0000000602000000| Untracked 
|   9|0x0000000602400000, 0x0000000602400000, 0x0000000602800000|  0%| F|  |TAMS 0x0000000602400000| PB 0x0000000602400000| Untracked 
|  10|0x0000000602800000, 0x0000000602800000, 0x0000000602c00000|  0%| F|  |TAMS 0x0000000602800000| PB 0x0000000602800000| Untracked 
|  11|0x0000000602c00000, 0x0000000602c00000, 0x0000000603000000|  0%| F|  |TAMS 0x0000000602c00000| PB 0x0000000602c00000| Untracked 
|  12|0x0000000603000000, 0x0000000603000000, 0x0000000603400000|  0%| F|  |TAMS 0x0000000603000000| PB 0x0000000603000000| Untracked 
|  13|0x0000000603400000, 0x0000000603400000, 0x0000000603800000|  0%| F|  |TAMS 0x0000000603400000| PB 0x0000000603400000| Untracked 
|  14|0x0000000603800000, 0x0000000603800000, 0x0000000603c00000|  0%| F|  |TAMS 0x0000000603800000| PB 0x0000000603800000| Untracked 
|  15|0x0000000603c00000, 0x0000000603c00000, 0x0000000604000000|  0%| F|  |TAMS 0x0000000603c00000| PB 0x0000000603c00000| Untracked 
|  16|0x0000000604000000, 0x0000000604000000, 0x0000000604400000|  0%| F|  |TAMS 0x0000000604000000| PB 0x0000000604000000| Untracked 
|  17|0x0000000604400000, 0x0000000604400000, 0x0000000604800000|  0%| F|  |TAMS 0x0000000604400000| PB 0x0000000604400000| Untracked 
|  18|0x0000000604800000, 0x0000000604800000, 0x0000000604c00000|  0%| F|  |TAMS 0x0000000604800000| PB 0x0000000604800000| Untracked 
|  19|0x0000000604c00000, 0x0000000604c00000, 0x0000000605000000|  0%| F|  |TAMS 0x0000000604c00000| PB 0x0000000604c00000| Untracked 
|  20|0x0000000605000000, 0x0000000605000000, 0x0000000605400000|  0%| F|  |TAMS 0x0000000605000000| PB 0x0000000605000000| Untracked 
|  21|0x0000000605400000, 0x0000000605400000, 0x0000000605800000|  0%| F|  |TAMS 0x0000000605400000| PB 0x0000000605400000| Untracked 
|  22|0x0000000605800000, 0x0000000605800000, 0x0000000605c00000|  0%| F|  |TAMS 0x0000000605800000| PB 0x0000000605800000| Untracked 
|  23|0x0000000605c00000, 0x0000000605c00000, 0x0000000606000000|  0%| F|  |TAMS 0x0000000605c00000| PB 0x0000000605c00000| Untracked 
|  24|0x0000000606000000, 0x0000000606000000, 0x0000000606400000|  0%| F|  |TAMS 0x0000000606000000| PB 0x0000000606000000| Untracked 
|  25|0x0000000606400000, 0x0000000606400000, 0x0000000606800000|  0%| F|  |TAMS 0x0000000606400000| PB 0x0000000606400000| Untracked 
|  26|0x0000000606800000, 0x0000000606800000, 0x0000000606c00000|  0%| F|  |TAMS 0x0000000606800000| PB 0x0000000606800000| Untracked 
|  27|0x0000000606c00000, 0x0000000606c00000, 0x0000000607000000|  0%| F|  |TAMS 0x0000000606c00000| PB 0x0000000606c00000| Untracked 
|  28|0x0000000607000000, 0x0000000607000000, 0x0000000607400000|  0%| F|  |TAMS 0x0000000607000000| PB 0x0000000607000000| Untracked 
|  29|0x0000000607400000, 0x0000000607400000, 0x0000000607800000|  0%| F|  |TAMS 0x0000000607400000| PB 0x0000000607400000| Untracked 
|  30|0x0000000607800000, 0x0000000607800000, 0x0000000607c00000|  0%| F|  |TAMS 0x0000000607800000| PB 0x0000000607800000| Untracked 
|  31|0x0000000607c00000, 0x0000000607c00000, 0x0000000608000000|  0%| F|  |TAMS 0x0000000607c00000| PB 0x0000000607c00000| Untracked 
|  32|0x0000000608000000, 0x0000000608000000, 0x0000000608400000|  0%| F|  |TAMS 0x0000000608000000| PB 0x0000000608000000| Untracked 
|  33|0x0000000608400000, 0x0000000608400000, 0x0000000608800000|  0%| F|  |TAMS 0x0000000608400000| PB 0x0000000608400000| Untracked 
|  34|0x0000000608800000, 0x0000000608800000, 0x0000000608c00000|  0%| F|  |TAMS 0x0000000608800000| PB 0x0000000608800000| Untracked 
|  35|0x0000000608c00000, 0x0000000608c00000, 0x0000000609000000|  0%| F|  |TAMS 0x0000000608c00000| PB 0x0000000608c00000| Untracked 
|  36|0x0000000609000000, 0x0000000609000000, 0x0000000609400000|  0%| F|  |TAMS 0x0000000609000000| PB 0x0000000609000000| Untracked 
|  37|0x0000000609400000, 0x0000000609400000, 0x0000000609800000|  0%| F|  |TAMS 0x0000000609400000| PB 0x0000000609400000| Untracked 
|  38|0x0000000609800000, 0x0000000609800000, 0x0000000609c00000|  0%| F|  |TAMS 0x0000000609800000| PB 0x0000000609800000| Untracked 
|  39|0x0000000609c00000, 0x0000000609c00000, 0x000000060a000000|  0%| F|  |TAMS 0x0000000609c00000| PB 0x0000000609c00000| Untracked 
|  40|0x000000060a000000, 0x000000060a000000, 0x000000060a400000|  0%| F|  |TAMS 0x000000060a000000| PB 0x000000060a000000| Untracked 
|  41|0x000000060a400000, 0x000000060a400000, 0x000000060a800000|  0%| F|  |TAMS 0x000000060a400000| PB 0x000000060a400000| Untracked 
|  42|0x000000060a800000, 0x000000060a800000, 0x000000060ac00000|  0%| F|  |TAMS 0x000000060a800000| PB 0x000000060a800000| Untracked 
|  43|0x000000060ac00000, 0x000000060ac00000, 0x000000060b000000|  0%| F|  |TAMS 0x000000060ac00000| PB 0x000000060ac00000| Untracked 
|  44|0x000000060b000000, 0x000000060b000000, 0x000000060b400000|  0%| F|  |TAMS 0x000000060b000000| PB 0x000000060b000000| Untracked 
|  45|0x000000060b400000, 0x000000060b400000, 0x000000060b800000|  0%| F|  |TAMS 0x000000060b400000| PB 0x000000060b400000| Untracked 
|  46|0x000000060b800000, 0x000000060b800000, 0x000000060bc00000|  0%| F|  |TAMS 0x000000060b800000| PB 0x000000060b800000| Untracked 
|  47|0x000000060bc00000, 0x000000060bc00000, 0x000000060c000000|  0%| F|  |TAMS 0x000000060bc00000| PB 0x000000060bc00000| Untracked 
|  48|0x000000060c000000, 0x000000060c000000, 0x000000060c400000|  0%| F|  |TAMS 0x000000060c000000| PB 0x000000060c000000| Untracked 
|  49|0x000000060c400000, 0x000000060c400000, 0x000000060c800000|  0%| F|  |TAMS 0x000000060c400000| PB 0x000000060c400000| Untracked 
|  50|0x000000060c800000, 0x000000060c800000, 0x000000060cc00000|  0%| F|  |TAMS 0x000000060c800000| PB 0x000000060c800000| Untracked 
|  51|0x000000060cc00000, 0x000000060cc00000, 0x000000060d000000|  0%| F|  |TAMS 0x000000060cc00000| PB 0x000000060cc00000| Untracked 
|  52|0x000000060d000000, 0x000000060d000000, 0x000000060d400000|  0%| F|  |TAMS 0x000000060d000000| PB 0x000000060d000000| Untracked 
|  53|0x000000060d400000, 0x000000060d400000, 0x000000060d800000|  0%| F|  |TAMS 0x000000060d400000| PB 0x000000060d400000| Untracked 
|  54|0x000000060d800000, 0x000000060d800000, 0x000000060dc00000|  0%| F|  |TAMS 0x000000060d800000| PB 0x000000060d800000| Untracked 
|  55|0x000000060dc00000, 0x000000060dc00000, 0x000000060e000000|  0%| F|  |TAMS 0x000000060dc00000| PB 0x000000060dc00000| Untracked 
|  56|0x000000060e000000, 0x000000060e000000, 0x000000060e400000|  0%| F|  |TAMS 0x000000060e000000| PB 0x000000060e000000| Untracked 
|  57|0x000000060e400000, 0x000000060e400000, 0x000000060e800000|  0%| F|  |TAMS 0x000000060e400000| PB 0x000000060e400000| Untracked 
|  58|0x000000060e800000, 0x000000060e800000, 0x000000060ec00000|  0%| F|  |TAMS 0x000000060e800000| PB 0x000000060e800000| Untracked 
|  59|0x000000060ec00000, 0x000000060ec00000, 0x000000060f000000|  0%| F|  |TAMS 0x000000060ec00000| PB 0x000000060ec00000| Untracked 
|  60|0x000000060f000000, 0x000000060f000000, 0x000000060f400000|  0%| F|  |TAMS 0x000000060f000000| PB 0x000000060f000000| Untracked 
|  61|0x000000060f400000, 0x000000060f400000, 0x000000060f800000|  0%| F|  |TAMS 0x000000060f400000| PB 0x000000060f400000| Untracked 
|  62|0x000000060f800000, 0x000000060f800000, 0x000000060fc00000|  0%| F|  |TAMS 0x000000060f800000| PB 0x000000060f800000| Untracked 
|  63|0x000000060fc00000, 0x000000060fc00000, 0x0000000610000000|  0%| F|  |TAMS 0x000000060fc00000| PB 0x000000060fc00000| Untracked 
|  64|0x0000000610000000, 0x0000000610000000, 0x0000000610400000|  0%| F|  |TAMS 0x0000000610000000| PB 0x0000000610000000| Untracked 
|  65|0x0000000610400000, 0x0000000610400000, 0x0000000610800000|  0%| F|  |TAMS 0x0000000610400000| PB 0x0000000610400000| Untracked 
|  66|0x0000000610800000, 0x0000000610800000, 0x0000000610c00000|  0%| F|  |TAMS 0x0000000610800000| PB 0x0000000610800000| Untracked 
|  67|0x0000000610c00000, 0x0000000610c00000, 0x0000000611000000|  0%| F|  |TAMS 0x0000000610c00000| PB 0x0000000610c00000| Untracked 
|  68|0x0000000611000000, 0x0000000611000000, 0x0000000611400000|  0%| F|  |TAMS 0x0000000611000000| PB 0x0000000611000000| Untracked 
|  69|0x0000000611400000, 0x0000000611400000, 0x0000000611800000|  0%| F|  |TAMS 0x0000000611400000| PB 0x0000000611400000| Untracked 
|  70|0x0000000611800000, 0x0000000611800000, 0x0000000611c00000|  0%| F|  |TAMS 0x0000000611800000| PB 0x0000000611800000| Untracked 
|  71|0x0000000611c00000, 0x0000000611c00000, 0x0000000612000000|  0%| F|  |TAMS 0x0000000611c00000| PB 0x0000000611c00000| Untracked 
|  72|0x0000000612000000, 0x0000000612000000, 0x0000000612400000|  0%| F|  |TAMS 0x0000000612000000| PB 0x0000000612000000| Untracked 
|  73|0x0000000612400000, 0x0000000612400000, 0x0000000612800000|  0%| F|  |TAMS 0x0000000612400000| PB 0x0000000612400000| Untracked 
|  74|0x0000000612800000, 0x0000000612800000, 0x0000000612c00000|  0%| F|  |TAMS 0x0000000612800000| PB 0x0000000612800000| Untracked 
|  75|0x0000000612c00000, 0x0000000612c00000, 0x0000000613000000|  0%| F|  |TAMS 0x0000000612c00000| PB 0x0000000612c00000| Untracked 
|  76|0x0000000613000000, 0x0000000613000000, 0x0000000613400000|  0%| F|  |TAMS 0x0000000613000000| PB 0x0000000613000000| Untracked 
|  77|0x0000000613400000, 0x0000000613400000, 0x0000000613800000|  0%| F|  |TAMS 0x0000000613400000| PB 0x0000000613400000| Untracked 
|  78|0x0000000613800000, 0x0000000613800000, 0x0000000613c00000|  0%| F|  |TAMS 0x0000000613800000| PB 0x0000000613800000| Untracked 
|  79|0x0000000613c00000, 0x0000000613c00000, 0x0000000614000000|  0%| F|  |TAMS 0x0000000613c00000| PB 0x0000000613c00000| Untracked 
|  80|0x0000000614000000, 0x0000000614000000, 0x0000000614400000|  0%| F|  |TAMS 0x0000000614000000| PB 0x0000000614000000| Untracked 
|  81|0x0000000614400000, 0x0000000614400000, 0x0000000614800000|  0%| F|  |TAMS 0x0000000614400000| PB 0x0000000614400000| Untracked 
|  82|0x0000000614800000, 0x0000000614800000, 0x0000000614c00000|  0%| F|  |TAMS 0x0000000614800000| PB 0x0000000614800000| Untracked 
|  83|0x0000000614c00000, 0x0000000614c00000, 0x0000000615000000|  0%| F|  |TAMS 0x0000000614c00000| PB 0x0000000614c00000| Untracked 
|  84|0x0000000615000000, 0x0000000615000000, 0x0000000615400000|  0%| F|  |TAMS 0x0000000615000000| PB 0x0000000615000000| Untracked 
|  85|0x0000000615400000, 0x0000000615400000, 0x0000000615800000|  0%| F|  |TAMS 0x0000000615400000| PB 0x0000000615400000| Untracked 
|  86|0x0000000615800000, 0x0000000615800000, 0x0000000615c00000|  0%| F|  |TAMS 0x0000000615800000| PB 0x0000000615800000| Untracked 
|  87|0x0000000615c00000, 0x0000000615c00000, 0x0000000616000000|  0%| F|  |TAMS 0x0000000615c00000| PB 0x0000000615c00000| Untracked 
|  88|0x0000000616000000, 0x0000000616000000, 0x0000000616400000|  0%| F|  |TAMS 0x0000000616000000| PB 0x0000000616000000| Untracked 
|  89|0x0000000616400000, 0x0000000616400000, 0x0000000616800000|  0%| F|  |TAMS 0x0000000616400000| PB 0x0000000616400000| Untracked 
|  90|0x0000000616800000, 0x0000000616800000, 0x0000000616c00000|  0%| F|  |TAMS 0x0000000616800000| PB 0x0000000616800000| Untracked 
|  91|0x0000000616c00000, 0x0000000616c00000, 0x0000000617000000|  0%| F|  |TAMS 0x0000000616c00000| PB 0x0000000616c00000| Untracked 
|  92|0x0000000617000000, 0x0000000617000000, 0x0000000617400000|  0%| F|  |TAMS 0x0000000617000000| PB 0x0000000617000000| Untracked 
|  93|0x0000000617400000, 0x0000000617400000, 0x0000000617800000|  0%| F|  |TAMS 0x0000000617400000| PB 0x0000000617400000| Untracked 
|  94|0x0000000617800000, 0x0000000617800000, 0x0000000617c00000|  0%| F|  |TAMS 0x0000000617800000| PB 0x0000000617800000| Untracked 
|  95|0x0000000617c00000, 0x0000000617c00000, 0x0000000618000000|  0%| F|  |TAMS 0x0000000617c00000| PB 0x0000000617c00000| Untracked 
|  96|0x0000000618000000, 0x0000000618000000, 0x0000000618400000|  0%| F|  |TAMS 0x0000000618000000| PB 0x0000000618000000| Untracked 
|  97|0x0000000618400000, 0x0000000618400000, 0x0000000618800000|  0%| F|  |TAMS 0x0000000618400000| PB 0x0000000618400000| Untracked 
|  98|0x0000000618800000, 0x0000000618800000, 0x0000000618c00000|  0%| F|  |TAMS 0x0000000618800000| PB 0x0000000618800000| Untracked 
|  99|0x0000000618c00000, 0x0000000618c00000, 0x0000000619000000|  0%| F|  |TAMS 0x0000000618c00000| PB 0x0000000618c00000| Untracked 
| 100|0x0000000619000000, 0x0000000619000000, 0x0000000619400000|  0%| F|  |TAMS 0x0000000619000000| PB 0x0000000619000000| Untracked 
| 101|0x0000000619400000, 0x0000000619400000, 0x0000000619800000|  0%| F|  |TAMS 0x0000000619400000| PB 0x0000000619400000| Untracked 
| 102|0x0000000619800000, 0x0000000619800000, 0x0000000619c00000|  0%| F|  |TAMS 0x0000000619800000| PB 0x0000000619800000| Untracked 
| 103|0x0000000619c00000, 0x0000000619c00000, 0x000000061a000000|  0%| F|  |TAMS 0x0000000619c00000| PB 0x0000000619c00000| Untracked 
| 104|0x000000061a000000, 0x000000061a000000, 0x000000061a400000|  0%| F|  |TAMS 0x000000061a000000| PB 0x000000061a000000| Untracked 
| 105|0x000000061a400000, 0x000000061a400000, 0x000000061a800000|  0%| F|  |TAMS 0x000000061a400000| PB 0x000000061a400000| Untracked 
| 106|0x000000061a800000, 0x000000061a800000, 0x000000061ac00000|  0%| F|  |TAMS 0x000000061a800000| PB 0x000000061a800000| Untracked 
| 107|0x000000061ac00000, 0x000000061ac00000, 0x000000061b000000|  0%| F|  |TAMS 0x000000061ac00000| PB 0x000000061ac00000| Untracked 
| 108|0x000000061b000000, 0x000000061b000000, 0x000000061b400000|  0%| F|  |TAMS 0x000000061b000000| PB 0x000000061b000000| Untracked 
| 109|0x000000061b400000, 0x000000061b400000, 0x000000061b800000|  0%| F|  |TAMS 0x000000061b400000| PB 0x000000061b400000| Untracked 
| 110|0x000000061b800000, 0x000000061b800000, 0x000000061bc00000|  0%| F|  |TAMS 0x000000061b800000| PB 0x000000061b800000| Untracked 
| 111|0x000000061bc00000, 0x000000061bc00000, 0x000000061c000000|  0%| F|  |TAMS 0x000000061bc00000| PB 0x000000061bc00000| Untracked 
| 112|0x000000061c000000, 0x000000061c000000, 0x000000061c400000|  0%| F|  |TAMS 0x000000061c000000| PB 0x000000061c000000| Untracked 
| 113|0x000000061c400000, 0x000000061c400000, 0x000000061c800000|  0%| F|  |TAMS 0x000000061c400000| PB 0x000000061c400000| Untracked 
| 114|0x000000061c800000, 0x000000061c800000, 0x000000061cc00000|  0%| F|  |TAMS 0x000000061c800000| PB 0x000000061c800000| Untracked 
| 115|0x000000061cc00000, 0x000000061cc00000, 0x000000061d000000|  0%| F|  |TAMS 0x000000061cc00000| PB 0x000000061cc00000| Untracked 
| 116|0x000000061d000000, 0x000000061d000000, 0x000000061d400000|  0%| F|  |TAMS 0x000000061d000000| PB 0x000000061d000000| Untracked 
| 117|0x000000061d400000, 0x000000061d400000, 0x000000061d800000|  0%| F|  |TAMS 0x000000061d400000| PB 0x000000061d400000| Untracked 
| 118|0x000000061d800000, 0x000000061d800000, 0x000000061dc00000|  0%| F|  |TAMS 0x000000061d800000| PB 0x000000061d800000| Untracked 
| 119|0x000000061dc00000, 0x000000061dc00000, 0x000000061e000000|  0%| F|  |TAMS 0x000000061dc00000| PB 0x000000061dc00000| Untracked 
| 120|0x000000061e000000, 0x000000061e000000, 0x000000061e400000|  0%| F|  |TAMS 0x000000061e000000| PB 0x000000061e000000| Untracked 
| 121|0x000000061e400000, 0x000000061e400000, 0x000000061e800000|  0%| F|  |TAMS 0x000000061e400000| PB 0x000000061e400000| Untracked 
| 122|0x000000061e800000, 0x000000061e800000, 0x000000061ec00000|  0%| F|  |TAMS 0x000000061e800000| PB 0x000000061e800000| Untracked 
| 123|0x000000061ec00000, 0x000000061ec00000, 0x000000061f000000|  0%| F|  |TAMS 0x000000061ec00000| PB 0x000000061ec00000| Untracked 
| 124|0x000000061f000000, 0x000000061f000000, 0x000000061f400000|  0%| F|  |TAMS 0x000000061f000000| PB 0x000000061f000000| Untracked 
| 125|0x000000061f400000, 0x000000061f400000, 0x000000061f800000|  0%| F|  |TAMS 0x000000061f400000| PB 0x000000061f400000| Untracked 
| 126|0x000000061f800000, 0x000000061f800000, 0x000000061fc00000|  0%| F|  |TAMS 0x000000061f800000| PB 0x000000061f800000| Untracked 
| 127|0x000000061fc00000, 0x000000061fc00000, 0x0000000620000000|  0%| F|  |TAMS 0x000000061fc00000| PB 0x000000061fc00000| Untracked 
| 128|0x0000000620000000, 0x0000000620000000, 0x0000000620400000|  0%| F|  |TAMS 0x0000000620000000| PB 0x0000000620000000| Untracked 
| 129|0x0000000620400000, 0x0000000620400000, 0x0000000620800000|  0%| F|  |TAMS 0x0000000620400000| PB 0x0000000620400000| Untracked 
| 130|0x0000000620800000, 0x0000000620800000, 0x0000000620c00000|  0%| F|  |TAMS 0x0000000620800000| PB 0x0000000620800000| Untracked 
| 131|0x0000000620c00000, 0x0000000620c00000, 0x0000000621000000|  0%| F|  |TAMS 0x0000000620c00000| PB 0x0000000620c00000| Untracked 
| 132|0x0000000621000000, 0x0000000621000000, 0x0000000621400000|  0%| F|  |TAMS 0x0000000621000000| PB 0x0000000621000000| Untracked 
| 133|0x0000000621400000, 0x0000000621400000, 0x0000000621800000|  0%| F|  |TAMS 0x0000000621400000| PB 0x0000000621400000| Untracked 
| 134|0x0000000621800000, 0x0000000621800000, 0x0000000621c00000|  0%| F|  |TAMS 0x0000000621800000| PB 0x0000000621800000| Untracked 
| 135|0x0000000621c00000, 0x0000000621c00000, 0x0000000622000000|  0%| F|  |TAMS 0x0000000621c00000| PB 0x0000000621c00000| Untracked 
| 136|0x0000000622000000, 0x0000000622000000, 0x0000000622400000|  0%| F|  |TAMS 0x0000000622000000| PB 0x0000000622000000| Untracked 
| 137|0x0000000622400000, 0x0000000622400000, 0x0000000622800000|  0%| F|  |TAMS 0x0000000622400000| PB 0x0000000622400000| Untracked 
| 138|0x0000000622800000, 0x0000000622800000, 0x0000000622c00000|  0%| F|  |TAMS 0x0000000622800000| PB 0x0000000622800000| Untracked 
| 139|0x0000000622c00000, 0x0000000622c00000, 0x0000000623000000|  0%| F|  |TAMS 0x0000000622c00000| PB 0x0000000622c00000| Untracked 
| 140|0x0000000623000000, 0x0000000623000000, 0x0000000623400000|  0%| F|  |TAMS 0x0000000623000000| PB 0x0000000623000000| Untracked 
| 141|0x0000000623400000, 0x0000000623400000, 0x0000000623800000|  0%| F|  |TAMS 0x0000000623400000| PB 0x0000000623400000| Untracked 
| 142|0x0000000623800000, 0x0000000623800000, 0x0000000623c00000|  0%| F|  |TAMS 0x0000000623800000| PB 0x0000000623800000| Untracked 
| 143|0x0000000623c00000, 0x0000000623c00000, 0x0000000624000000|  0%| F|  |TAMS 0x0000000623c00000| PB 0x0000000623c00000| Untracked 
| 144|0x0000000624000000, 0x0000000624000000, 0x0000000624400000|  0%| F|  |TAMS 0x0000000624000000| PB 0x0000000624000000| Untracked 
| 145|0x0000000624400000, 0x0000000624400000, 0x0000000624800000|  0%| F|  |TAMS 0x0000000624400000| PB 0x0000000624400000| Untracked 
| 146|0x0000000624800000, 0x0000000624800000, 0x0000000624c00000|  0%| F|  |TAMS 0x0000000624800000| PB 0x0000000624800000| Untracked 
| 147|0x0000000624c00000, 0x0000000624c00000, 0x0000000625000000|  0%| F|  |TAMS 0x0000000624c00000| PB 0x0000000624c00000| Untracked 
| 148|0x0000000625000000, 0x0000000625000000, 0x0000000625400000|  0%| F|  |TAMS 0x0000000625000000| PB 0x0000000625000000| Untracked 
| 149|0x0000000625400000, 0x0000000625400000, 0x0000000625800000|  0%| F|  |TAMS 0x0000000625400000| PB 0x0000000625400000| Untracked 
| 150|0x0000000625800000, 0x0000000625800000, 0x0000000625c00000|  0%| F|  |TAMS 0x0000000625800000| PB 0x0000000625800000| Untracked 
| 151|0x0000000625c00000, 0x0000000625c00000, 0x0000000626000000|  0%| F|  |TAMS 0x0000000625c00000| PB 0x0000000625c00000| Untracked 
| 152|0x0000000626000000, 0x0000000626000000, 0x0000000626400000|  0%| F|  |TAMS 0x0000000626000000| PB 0x0000000626000000| Untracked 
| 153|0x0000000626400000, 0x0000000626400000, 0x0000000626800000|  0%| F|  |TAMS 0x0000000626400000| PB 0x0000000626400000| Untracked 
| 154|0x0000000626800000, 0x0000000626800000, 0x0000000626c00000|  0%| F|  |TAMS 0x0000000626800000| PB 0x0000000626800000| Untracked 
| 155|0x0000000626c00000, 0x0000000626c00000, 0x0000000627000000|  0%| F|  |TAMS 0x0000000626c00000| PB 0x0000000626c00000| Untracked 
| 156|0x0000000627000000, 0x0000000627000000, 0x0000000627400000|  0%| F|  |TAMS 0x0000000627000000| PB 0x0000000627000000| Untracked 
| 157|0x0000000627400000, 0x0000000627400000, 0x0000000627800000|  0%| F|  |TAMS 0x0000000627400000| PB 0x0000000627400000| Untracked 
| 158|0x0000000627800000, 0x0000000627800000, 0x0000000627c00000|  0%| F|  |TAMS 0x0000000627800000| PB 0x0000000627800000| Untracked 
| 159|0x0000000627c00000, 0x0000000627c00000, 0x0000000628000000|  0%| F|  |TAMS 0x0000000627c00000| PB 0x0000000627c00000| Untracked 
| 160|0x0000000628000000, 0x0000000628000000, 0x0000000628400000|  0%| F|  |TAMS 0x0000000628000000| PB 0x0000000628000000| Untracked 
| 161|0x0000000628400000, 0x0000000628400000, 0x0000000628800000|  0%| F|  |TAMS 0x0000000628400000| PB 0x0000000628400000| Untracked 
| 162|0x0000000628800000, 0x0000000628800000, 0x0000000628c00000|  0%| F|  |TAMS 0x0000000628800000| PB 0x0000000628800000| Untracked 
| 163|0x0000000628c00000, 0x0000000628c00000, 0x0000000629000000|  0%| F|  |TAMS 0x0000000628c00000| PB 0x0000000628c00000| Untracked 
| 164|0x0000000629000000, 0x0000000629000000, 0x0000000629400000|  0%| F|  |TAMS 0x0000000629000000| PB 0x0000000629000000| Untracked 
| 165|0x0000000629400000, 0x0000000629400000, 0x0000000629800000|  0%| F|  |TAMS 0x0000000629400000| PB 0x0000000629400000| Untracked 
| 166|0x0000000629800000, 0x0000000629800000, 0x0000000629c00000|  0%| F|  |TAMS 0x0000000629800000| PB 0x0000000629800000| Untracked 
| 167|0x0000000629c00000, 0x0000000629c00000, 0x000000062a000000|  0%| F|  |TAMS 0x0000000629c00000| PB 0x0000000629c00000| Untracked 
| 168|0x000000062a000000, 0x000000062a000000, 0x000000062a400000|  0%| F|  |TAMS 0x000000062a000000| PB 0x000000062a000000| Untracked 
| 169|0x000000062a400000, 0x000000062a400000, 0x000000062a800000|  0%| F|  |TAMS 0x000000062a400000| PB 0x000000062a400000| Untracked 
| 170|0x000000062a800000, 0x000000062a800000, 0x000000062ac00000|  0%| F|  |TAMS 0x000000062a800000| PB 0x000000062a800000| Untracked 
| 171|0x000000062ac00000, 0x000000062ac00000, 0x000000062b000000|  0%| F|  |TAMS 0x000000062ac00000| PB 0x000000062ac00000| Untracked 
| 172|0x000000062b000000, 0x000000062b000000, 0x000000062b400000|  0%| F|  |TAMS 0x000000062b000000| PB 0x000000062b000000| Untracked 
| 173|0x000000062b400000, 0x000000062b400000, 0x000000062b800000|  0%| F|  |TAMS 0x000000062b400000| PB 0x000000062b400000| Untracked 
| 174|0x000000062b800000, 0x000000062b800000, 0x000000062bc00000|  0%| F|  |TAMS 0x000000062b800000| PB 0x000000062b800000| Untracked 
| 175|0x000000062bc00000, 0x000000062bc00000, 0x000000062c000000|  0%| F|  |TAMS 0x000000062bc00000| PB 0x000000062bc00000| Untracked 
| 176|0x000000062c000000, 0x000000062c000000, 0x000000062c400000|  0%| F|  |TAMS 0x000000062c000000| PB 0x000000062c000000| Untracked 
| 177|0x000000062c400000, 0x000000062c400000, 0x000000062c800000|  0%| F|  |TAMS 0x000000062c400000| PB 0x000000062c400000| Untracked 
| 178|0x000000062c800000, 0x000000062c800000, 0x000000062cc00000|  0%| F|  |TAMS 0x000000062c800000| PB 0x000000062c800000| Untracked 
| 179|0x000000062cc00000, 0x000000062cc00000, 0x000000062d000000|  0%| F|  |TAMS 0x000000062cc00000| PB 0x000000062cc00000| Untracked 
| 180|0x000000062d000000, 0x000000062d000000, 0x000000062d400000|  0%| F|  |TAMS 0x000000062d000000| PB 0x000000062d000000| Untracked 
| 181|0x000000062d400000, 0x000000062d400000, 0x000000062d800000|  0%| F|  |TAMS 0x000000062d400000| PB 0x000000062d400000| Untracked 
| 182|0x000000062d800000, 0x000000062d800000, 0x000000062dc00000|  0%| F|  |TAMS 0x000000062d800000| PB 0x000000062d800000| Untracked 
| 183|0x000000062dc00000, 0x000000062dc00000, 0x000000062e000000|  0%| F|  |TAMS 0x000000062dc00000| PB 0x000000062dc00000| Untracked 
| 184|0x000000062e000000, 0x000000062e000000, 0x000000062e400000|  0%| F|  |TAMS 0x000000062e000000| PB 0x000000062e000000| Untracked 
| 185|0x000000062e400000, 0x000000062e400000, 0x000000062e800000|  0%| F|  |TAMS 0x000000062e400000| PB 0x000000062e400000| Untracked 
| 186|0x000000062e800000, 0x000000062e800000, 0x000000062ec00000|  0%| F|  |TAMS 0x000000062e800000| PB 0x000000062e800000| Untracked 
| 187|0x000000062ec00000, 0x000000062ec00000, 0x000000062f000000|  0%| F|  |TAMS 0x000000062ec00000| PB 0x000000062ec00000| Untracked 
| 188|0x000000062f000000, 0x000000062f24d418, 0x000000062f400000| 57%| E|  |TAMS 0x000000062f000000| PB 0x000000062f000000| Complete 
| 189|0x000000062f400000, 0x000000062f800000, 0x000000062f800000|100%| E|CS|TAMS 0x000000062f400000| PB 0x000000062f400000| Complete 
| 190|0x000000062f800000, 0x000000062fc00000, 0x000000062fc00000|100%| E|CS|TAMS 0x000000062f800000| PB 0x000000062f800000| Complete 
| 191|0x000000062fc00000, 0x0000000630000000, 0x0000000630000000|100%| E|CS|TAMS 0x000000062fc00000| PB 0x000000062fc00000| Complete 

Card table byte_map: [0x000001f32c720000,0x000001f32d720000] _byte_map_base: 0x000001f329720000

Marking Bits: (CMBitMap*) 0x000001f335831730
 Bits: [0x000001f32d720000, 0x000001f335720000)

Polling page: 0x000001f311da0000

Metaspace:

Usage:
  Non-class:      3.79 MB used.
      Class:    334.90 KB used.
       Both:      4.12 MB used.

Virtual space:
  Non-class space:       64.00 MB reserved,       3.88 MB (  6%) committed,  1 nodes.
      Class space:        1.00 GB reserved,     448.00 KB ( <1%) committed,  1 nodes.
             Both:        1.06 GB reserved,       4.31 MB ( <1%) committed. 

Chunk freelists:
   Non-Class:  11.38 MB
       Class:  15.54 MB
        Both:  26.92 MB

MaxMetaspaceSize: unlimited
CompressedClassSpaceSize: 1.00 GB
Initial GC threshold: 21.00 MB
Current GC threshold: 21.00 MB
CDS: on
 - commit_granule_bytes: 65536.
 - commit_granule_words: 8192.
 - virtual_space_node_default_size: 8388608.
 - enlarge_chunks_in_place: 1.
 - use_allocation_guard: 0.


Internal statistics:

num_allocs_failed_limit: 0.
num_arena_births: 74.
num_arena_deaths: 0.
num_vsnodes_births: 2.
num_vsnodes_deaths: 0.
num_space_committed: 69.
num_space_uncommitted: 0.
num_chunks_returned_to_freelist: 0.
num_chunks_taken_from_freelist: 109.
num_chunk_merges: 0.
num_chunk_splits: 74.
num_chunks_enlarged: 48.
num_inconsistent_stats: 0.

CodeHeap 'non-profiled nmethods': size=119168Kb used=211Kb max_used=211Kb free=118956Kb
 bounds [0x000001f323a30000, 0x000001f323ca0000, 0x000001f32ae90000]
CodeHeap 'profiled nmethods': size=119104Kb used=900Kb max_used=900Kb free=118203Kb
 bounds [0x000001f31be90000, 0x000001f31c100000, 0x000001f3232e0000]
CodeHeap 'non-nmethods': size=7488Kb used=3089Kb max_used=3105Kb free=4398Kb
 bounds [0x000001f3232e0000, 0x000001f3235f0000, 0x000001f323a30000]
 total_blobs=1069 nmethods=622 adapters=349
 compilation: enabled
              stopped_count=0, restarted_count=0
 full_count=0

Compilation events (20 events):
Event: 0.223 Thread 0x000001f3359edec0  615       3       jdk.internal.org.objectweb.asm.Type::getArgumentsAndReturnSizes (140 bytes)
Event: 0.224 Thread 0x000001f338869f60  616       3       java.lang.ref.Cleaner::register (25 bytes)
Event: 0.224 Thread 0x000001f338a20690  617       3       jdk.internal.ref.CleanerImpl$PhantomCleanableRef::<init> (12 bytes)
Event: 0.224 Thread 0x000001f338a20690 nmethod 617 0x000001f31bf6a310 code [0x000001f31bf6a4c0, 0x000001f31bf6a680]
Event: 0.224 Thread 0x000001f338869f60 nmethod 616 0x000001f31bf6a710 code [0x000001f31bf6a920, 0x000001f31bf6ae90]
Event: 0.224 Thread 0x000001f338a20690  618       3       java.lang.String::regionMatches (150 bytes)
Event: 0.224 Thread 0x000001f3359edec0 nmethod 615 0x000001f31bf6b110 code [0x000001f31bf6b4c0, 0x000001f31bf6d0f0]
Event: 0.224 Thread 0x000001f338a20690 nmethod 618 0x000001f31bf6dc10 code [0x000001f31bf6de60, 0x000001f31bf6e6b0]
Event: 0.226 Thread 0x000001f3359edec0  619       3       sun.net.www.ParseUtil::firstEncodeIndex (86 bytes)
Event: 0.227 Thread 0x000001f3359edec0 nmethod 619 0x000001f31bf6e990 code [0x000001f31bf6ebc0, 0x000001f31bf6f5a8]
Event: 0.227 Thread 0x000001f3359e09e0  620       4       java.lang.StringLatin1::hashCode (52 bytes)
Event: 0.227 Thread 0x000001f338a210a0  621       3       java.util.Arrays::rangeCheck (74 bytes)
Event: 0.227 Thread 0x000001f338a210a0 nmethod 621 0x000001f31bf6f990 code [0x000001f31bf6fc40, 0x000001f31bf705d8]
Event: 0.227 Thread 0x000001f3359e09e0 nmethod 620 0x000001f323a64590 code [0x000001f323a64740, 0x000001f323a649d8]
Event: 0.229 Thread 0x000001f338a210a0  622       3       jdk.internal.jimage.ImageStringsReader::hashCode (33 bytes)
Event: 0.229 Thread 0x000001f338a20690  623       3       java.util.Optional::empty (6 bytes)
Event: 0.229 Thread 0x000001f338a210a0 nmethod 622 0x000001f31bf70a10 code [0x000001f31bf70bc0, 0x000001f31bf70d40]
Event: 0.229 Thread 0x000001f338a20690 nmethod 623 0x000001f31bf70e10 code [0x000001f31bf70fa0, 0x000001f31bf71098]
Event: 0.229 Thread 0x000001f338a210a0  624       1       jdk.internal.loader.URLClassPath$Loader::getBaseURL (5 bytes)
Event: 0.229 Thread 0x000001f338a210a0 nmethod 624 0x000001f323a64a90 code [0x000001f323a64c20, 0x000001f323a64cf0]

GC Heap History (0 events):
No events

Dll operation events (9 events):
Event: 0.006 Loaded shared library C:\Program Files\Java\jdk-21\bin\java.dll
Event: 0.007 Loaded shared library C:\Program Files\Java\jdk-21\bin\zip.dll
Event: 0.024 Loaded shared library C:\Program Files\Java\jdk-21\bin\jsvml.dll
Event: 0.091 Loaded shared library C:\Program Files\Java\jdk-21\bin\instrument.dll
Event: 0.125 Loaded shared library C:\Program Files\Java\jdk-21\bin\net.dll
Event: 0.126 Loaded shared library C:\Program Files\Java\jdk-21\bin\nio.dll
Event: 0.130 Loaded shared library C:\Program Files\Java\jdk-21\bin\zip.dll
Event: 0.168 Loaded shared library C:\Program Files\Java\jdk-21\bin\jimage.dll
Event: 0.189 Loaded shared library C:\Users\Robert\AppData\Local\Temp\lwjglRobert\3.3.1-build-7\lwjgl.dll

Deoptimization events (20 events):
Event: 0.104 Thread 0x000001f3116f5f80 DEOPT PACKING pc=0x000001f323a41320 sp=0x0000002192dfd0e0
Event: 0.104 Thread 0x000001f3116f5f80 DEOPT UNPACKING pc=0x000001f3233346a2 sp=0x0000002192dfd090 mode 2
Event: 0.104 Thread 0x000001f3116f5f80 Uncommon trap: trap_request=0xffffffde fr.pc=0x000001f323a41320 relative=0x0000000000000be0
Event: 0.104 Thread 0x000001f3116f5f80 Uncommon trap: reason=class_check action=maybe_recompile pc=0x000001f323a41320 method=java.util.HashMap.putVal(ILjava/lang/Object;Ljava/lang/Object;ZZ)Ljava/lang/Object; @ 152 c2
Event: 0.104 Thread 0x000001f3116f5f80 DEOPT PACKING pc=0x000001f323a41320 sp=0x0000002192dfd020
Event: 0.104 Thread 0x000001f3116f5f80 DEOPT UNPACKING pc=0x000001f3233346a2 sp=0x0000002192dfcfd0 mode 2
Event: 0.105 Thread 0x000001f3116f5f80 Uncommon trap: trap_request=0xffffffde fr.pc=0x000001f323a41320 relative=0x0000000000000be0
Event: 0.105 Thread 0x000001f3116f5f80 Uncommon trap: reason=class_check action=maybe_recompile pc=0x000001f323a41320 method=java.util.HashMap.putVal(ILjava/lang/Object;Ljava/lang/Object;ZZ)Ljava/lang/Object; @ 152 c2
Event: 0.105 Thread 0x000001f3116f5f80 DEOPT PACKING pc=0x000001f323a41320 sp=0x0000002192dfd0e0
Event: 0.105 Thread 0x000001f3116f5f80 DEOPT UNPACKING pc=0x000001f3233346a2 sp=0x0000002192dfd090 mode 2
Event: 0.114 Thread 0x000001f3116f5f80 Uncommon trap: trap_request=0xffffff45 fr.pc=0x000001f323a3207c relative=0x00000000000000dc
Event: 0.114 Thread 0x000001f3116f5f80 Uncommon trap: reason=unstable_if action=reinterpret pc=0x000001f323a3207c method=java.lang.String.isLatin1()Z @ 10 c2
Event: 0.114 Thread 0x000001f3116f5f80 DEOPT PACKING pc=0x000001f323a3207c sp=0x0000002192dff3d0
Event: 0.114 Thread 0x000001f3116f5f80 DEOPT UNPACKING pc=0x000001f3233346a2 sp=0x0000002192dff320 mode 2
Event: 0.114 Thread 0x000001f3116f5f80 Uncommon trap: trap_request=0xffffff45 fr.pc=0x000001f323a46b08 relative=0x00000000000004c8
Event: 0.114 Thread 0x000001f3116f5f80 Uncommon trap: reason=unstable_if action=reinterpret pc=0x000001f323a46b08 method=java.lang.StringLatin1.replace([BCC)Ljava/lang/String; @ 19 c2
Event: 0.114 Thread 0x000001f3116f5f80 DEOPT PACKING pc=0x000001f323a46b08 sp=0x0000002192dff6e0
Event: 0.114 Thread 0x000001f3116f5f80 DEOPT UNPACKING pc=0x000001f3233346a2 sp=0x0000002192dff660 mode 2
Event: 0.136 Thread 0x000001f3116f5f80 DEOPT PACKING pc=0x000001f31be9aff3 sp=0x0000002192dfa5d0
Event: 0.136 Thread 0x000001f3116f5f80 DEOPT UNPACKING pc=0x000001f323334e42 sp=0x0000002192df99f0 mode 0

Classes loaded (20 events):
Event: 0.224 Loading class java/nio/BufferUnderflowException
Event: 0.224 Loading class java/nio/BufferUnderflowException done
Event: 0.224 Loading class org/lwjgl/system/MemoryStack
Event: 0.224 Loading class org/lwjgl/system/MemoryStack done
Event: 0.225 Loading class org/lwjgl/system/MemoryStack$DebugMemoryStack
Event: 0.225 Loading class org/lwjgl/system/MemoryStack$DebugMemoryStack done
Event: 0.225 Loading class java/lang/IndexOutOfBoundsException
Event: 0.226 Loading class java/lang/IndexOutOfBoundsException done
Event: 0.226 Loading class org/lwjgl/system/MemoryStack
Event: 0.226 Loading class org/lwjgl/system/MemoryStack done
Event: 0.226 Loading class org/lwjgl/system/MemoryStack
Event: 0.226 Loading class org/lwjgl/system/MemoryStack done
Event: 0.226 Loading class org/lwjgl/BufferUtils
Event: 0.226 Loading class org/lwjgl/BufferUtils done
Event: 0.226 Loading class org/lwjgl/system/windows/WinBase
Event: 0.226 Loading class org/lwjgl/system/windows/WinBase done
Event: 0.227 Loading class org/lwjgl/system/ThreadLocalUtil
Event: 0.227 Loading class org/lwjgl/system/ThreadLocalUtil done
Event: 0.229 Loading class org/lwjgl/glfw/GLFW$Functions
Event: 0.229 Loading class org/lwjgl/glfw/GLFW$Functions done

Classes unloaded (0 events):
No events

Classes redefined (1 events):
Event: 0.108 Thread 0x000001f3359b5710 redefined class name=java.lang.Throwable, count=1

Internal exceptions (19 events):
Event: 0.091 Thread 0x000001f3116f5f80 Exception <a 'java/lang/NoSuchMethodError'{0x000000062f894688}: 'void java.lang.invoke.DirectMethodHandle$Holder.invokeStatic(java.lang.Object, java.lang.Object, java.lang.Object)'> (0x000000062f894688) 
thrown [s\open\src\hotspot\share\interpreter\linkResolver.cpp, line 773]
Event: 0.094 Thread 0x000001f3116f5f80 Exception <a 'java/lang/NoSuchMethodError'{0x000000062f8abc10}: 'java.lang.Object java.lang.invoke.Invokers$Holder.invokeExact_MT(java.lang.Object, java.lang.Object, java.lang.Object, java.lang.Object, java.lang.Object)'> (0x000000062f8abc10) 
thrown [s\open\src\hotspot\share\interpreter\linkResolver.cpp, line 773]
Event: 0.156 Thread 0x000001f3116f5f80 Exception <a 'java/lang/NoSuchMethodError'{0x000000062f646350}: 'void java.lang.invoke.DirectMethodHandle$Holder.invokeStatic(java.lang.Object, java.lang.Object)'> (0x000000062f646350) 
thrown [s\open\src\hotspot\share\interpreter\linkResolver.cpp, line 773]
Event: 0.157 Thread 0x000001f3116f5f80 Exception <a 'java/lang/NoSuchMethodError'{0x000000062f656620}: 'void java.lang.System.load(java.lang.String, java.lang.Class)'> (0x000000062f656620) 
thrown [s\open\src\hotspot\share\interpreter\linkResolver.cpp, line 773]
Event: 0.157 Thread 0x000001f3116f5f80 Exception <a 'java/lang/NoSuchMethodError'{0x000000062f657010}: 'void java.lang.invoke.DirectMethodHandle$Holder.invokeSpecial(java.lang.Object, java.lang.Object, java.lang.Object)'> (0x000000062f657010) 
thrown [s\open\src\hotspot\share\interpreter\linkResolver.cpp, line 773]
Event: 0.158 Thread 0x000001f3116f5f80 Exception <a 'java/lang/NoSuchMethodError'{0x000000062f66a900}: 'java.lang.Object java.lang.invoke.DirectMethodHandle$Holder.invokeStatic(java.lang.Object, java.lang.Object, int)'> (0x000000062f66a900) 
thrown [s\open\src\hotspot\share\interpreter\linkResolver.cpp, line 773]
Event: 0.159 Thread 0x000001f3116f5f80 Exception <a 'java/lang/NoSuchMethodError'{0x000000062f675e50}: 'void java.lang.invoke.DelegatingMethodHandle$Holder.delegate(java.lang.Object, java.lang.Object, int, java.lang.Object)'> (0x000000062f675e50) 
thrown [s\open\src\hotspot\share\interpreter\linkResolver.cpp, line 773]
Event: 0.159 Thread 0x000001f3116f5f80 Exception <a 'java/lang/NoSuchMethodError'{0x000000062f679b10}: 'int java.lang.invoke.DirectMethodHandle$Holder.invokeSpecial(java.lang.Object, java.lang.Object, java.lang.Object)'> (0x000000062f679b10) 
thrown [s\open\src\hotspot\share\interpreter\linkResolver.cpp, line 773]
Event: 0.163 Thread 0x000001f3116f5f80 Exception <a 'java/lang/NoSuchMethodError'{0x000000062f695a58}: 'void java.lang.System.loadLibrary(java.lang.String, java.lang.Class)'> (0x000000062f695a58) 
thrown [s\open\src\hotspot\share\interpreter\linkResolver.cpp, line 773]
Event: 0.188 Thread 0x000001f3116f5f80 Exception <a 'sun/nio/fs/WindowsException'{0x000000062f75eed8}> (0x000000062f75eed8) 
thrown [s\open\src\hotspot\share\prims\jni.cpp, line 520]
Event: 0.188 Thread 0x000001f3116f5f80 Exception <a 'sun/nio/fs/WindowsException'{0x000000062f760530}> (0x000000062f760530) 
thrown [s\open\src\hotspot\share\prims\jni.cpp, line 520]
Event: 0.213 Thread 0x000001f3116f5f80 Exception <a 'sun/nio/fs/WindowsException'{0x000000062f0bb050}> (0x000000062f0bb050) 
thrown [s\open\src\hotspot\share\prims\jni.cpp, line 520]
Event: 0.213 Thread 0x000001f3116f5f80 Exception <a 'sun/nio/fs/WindowsException'{0x000000062f0bb3e8}> (0x000000062f0bb3e8) 
thrown [s\open\src\hotspot\share\prims\jni.cpp, line 520]
Event: 0.220 Thread 0x000001f3116f5f80 Exception <a 'java/lang/NoSuchMethodError'{0x000000062f12dca0}: 'int java.lang.invoke.DirectMethodHandle$Holder.invokeStaticInit(java.lang.Object, java.lang.Object, int, long)'> (0x000000062f12dca0) 
thrown [s\open\src\hotspot\share\interpreter\linkResolver.cpp, line 773]
Event: 0.221 Thread 0x000001f3116f5f80 Exception <a 'java/lang/NoSuchMethodError'{0x000000062f132d08}: 'java.lang.Object java.lang.invoke.DirectMethodHandle$Holder.newInvokeSpecial(java.lang.Object, java.lang.Object, int)'> (0x000000062f132d08) 
thrown [s\open\src\hotspot\share\interpreter\linkResolver.cpp, line 773]
Event: 0.222 Thread 0x000001f3116f5f80 Exception <a 'java/lang/NoSuchMethodError'{0x000000062f146fd0}: 'int java.lang.invoke.DirectMethodHandle$Holder.invokeStaticInit(java.lang.Object, java.lang.Object, long, long)'> (0x000000062f146fd0) 
thrown [s\open\src\hotspot\share\interpreter\linkResolver.cpp, line 773]
Event: 0.223 Thread 0x000001f3116f5f80 Exception <a 'java/lang/NoSuchMethodError'{0x000000062f14c878}: 'java.lang.Object java.lang.invoke.DirectMethodHandle$Holder.newInvokeSpecial(java.lang.Object, java.lang.Object, long)'> (0x000000062f14c878) 
thrown [s\open\src\hotspot\share\interpreter\linkResolver.cpp, line 773]
Event: 0.223 Thread 0x000001f3116f5f80 Exception <a 'java/lang/NoSuchMethodError'{0x000000062f150910}: 'java.lang.Object java.lang.invoke.Invokers$Holder.linkToTargetMethod(java.lang.Object, long, java.lang.Object)'> (0x000000062f150910) 
thrown [s\open\src\hotspot\share\interpreter\linkResolver.cpp, line 773]
Event: 0.223 Thread 0x000001f3116f5f80 Exception <a 'java/lang/NoSuchMethodError'{0x000000062f1579d8}: 'int java.lang.invoke.DirectMethodHandle$Holder.invokeStaticInit(java.lang.Object, java.lang.Object, java.lang.Object, long)'> (0x000000062f1579d8) 
thrown [s\open\src\hotspot\share\interpreter\linkResolver.cpp, line 773]

ZGC Phase Switch (0 events):
No events

VM Operations (8 events):
Event: 0.089 Executing VM operation: ChangeBreakpoints
Event: 0.089 Executing VM operation: ChangeBreakpoints done
Event: 0.089 Executing VM operation: ChangeBreakpoints
Event: 0.089 Executing VM operation: ChangeBreakpoints done
Event: 0.108 Executing VM operation: RedefineClasses
Event: 0.109 Executing VM operation: RedefineClasses done
Event: 0.110 Executing VM operation: get/set locals
Event: 0.110 Executing VM operation: get/set locals done

Events (19 events):
Event: 0.015 Thread 0x000001f3116f5f80 Thread added: 0x000001f3116f5f80
Event: 0.023 Thread 0x000001f3359d05e0 Thread added: 0x000001f3359d05e0
Event: 0.023 Thread 0x000001f3359d3cb0 Thread added: 0x000001f3359d3cb0
Event: 0.023 Thread 0x000001f3359d9880 Thread added: 0x000001f3359d9880
Event: 0.023 Thread 0x000001f3359da760 Thread added: 0x000001f3359da760
Event: 0.023 Thread 0x000001f3359dbd20 Thread added: 0x000001f3359dbd20
Event: 0.023 Thread 0x000001f3359dd410 Thread added: 0x000001f3359dd410
Event: 0.024 Thread 0x000001f3359e09e0 Thread added: 0x000001f3359e09e0
Event: 0.024 Thread 0x000001f338869f60 Thread added: 0x000001f338869f60
Event: 0.027 Thread 0x000001f3359edec0 Thread added: 0x000001f3359edec0
Event: 0.067 Thread 0x000001f33599dee0 Thread added: 0x000001f33599dee0
Event: 0.072 Thread 0x000001f338a20690 Thread added: 0x000001f338a20690
Event: 0.072 Thread 0x000001f338a210a0 Thread added: 0x000001f338a210a0
Event: 0.076 Thread 0x000001f338a64db0 Thread added: 0x000001f338a64db0
Event: 0.080 Thread 0x000001f338b394e0 Thread added: 0x000001f338b394e0
Event: 0.080 Thread 0x000001f338ab4d00 Thread added: 0x000001f338ab4d00
Event: 0.080 Thread 0x000001f338ab5380 Thread added: 0x000001f338ab5380
Event: 0.111 Thread 0x000001f338b579e0 Thread added: 0x000001f338b579e0
Event: 0.112 Thread 0x000001f338b52ff0 Thread added: 0x000001f338b52ff0


Dynamic libraries:
0x00007ff700740000 - 0x00007ff700750000 	C:\Program Files\Java\jdk-21\bin\java.exe
0x00007ffff6820000 - 0x00007ffff6a87000 	C:\WINDOWS\SYSTEM32\ntdll.dll
0x00007ffff5560000 - 0x00007ffff5629000 	C:\WINDOWS\System32\KERNEL32.DLL
0x00007ffff3e20000 - 0x00007ffff4210000 	C:\WINDOWS\System32\KERNELBASE.dll
0x00007ffff43a0000 - 0x00007ffff44eb000 	C:\WINDOWS\System32\ucrtbase.dll
0x00007fffe96f0000 - 0x00007fffe9709000 	C:\Program Files\Java\jdk-21\bin\jli.dll
0x00007fffe1bc0000 - 0x00007fffe1bdb000 	C:\Program Files\Java\jdk-21\bin\VCRUNTIME140.dll
0x00007ffff4dc0000 - 0x00007ffff4e74000 	C:\WINDOWS\System32\ADVAPI32.dll
0x00007ffff4b60000 - 0x00007ffff4c09000 	C:\WINDOWS\System32\msvcrt.dll
0x00007ffff6360000 - 0x00007ffff6406000 	C:\WINDOWS\System32\sechost.dll
0x00007ffff45b0000 - 0x00007ffff46c8000 	C:\WINDOWS\System32\RPCRT4.dll
0x00007ffff5f40000 - 0x00007ffff6105000 	C:\WINDOWS\System32\USER32.dll
0x00007ffff3950000 - 0x00007ffff3977000 	C:\WINDOWS\System32\win32u.dll
0x00007fffd96c0000 - 0x00007fffd995a000 	C:\WINDOWS\WinSxS\amd64_microsoft.windows.common-controls_6595b64144ccf1df_6.0.26100.4768_none_3e0c112ce331287c\COMCTL32.dll
0x00007ffff6790000 - 0x00007ffff67bb000 	C:\WINDOWS\System32\GDI32.dll
0x00007ffff3ce0000 - 0x00007ffff3e18000 	C:\WINDOWS\System32\gdi32full.dll
0x00007ffff3b90000 - 0x00007ffff3c33000 	C:\WINDOWS\System32\msvcp_win.dll
0x00007fffeaed0000 - 0x00007fffeaedb000 	C:\WINDOWS\SYSTEM32\VERSION.dll
0x00007ffff5f00000 - 0x00007ffff5f2f000 	C:\WINDOWS\System32\IMM32.DLL
0x00007fffe96e0000 - 0x00007fffe96ec000 	C:\Program Files\Java\jdk-21\bin\vcruntime140_1.dll
0x00007fffcc2c0000 - 0x00007fffcc34e000 	C:\Program Files\Java\jdk-21\bin\msvcp140.dll
0x00007fff6ad00000 - 0x00007fff6ba18000 	C:\Program Files\Java\jdk-21\bin\server\jvm.dll
0x00007ffff6700000 - 0x00007ffff6774000 	C:\WINDOWS\System32\WS2_32.dll
0x00007ffff37b0000 - 0x00007ffff380e000 	C:\WINDOWS\SYSTEM32\POWRPROF.dll
0x00007fffe9170000 - 0x00007fffe91a5000 	C:\WINDOWS\SYSTEM32\WINMM.dll
0x00007ffff36e0000 - 0x00007ffff36f4000 	C:\WINDOWS\SYSTEM32\UMPDC.dll
0x00007ffff26d0000 - 0x00007ffff26eb000 	C:\WINDOWS\SYSTEM32\kernel.appcore.dll
0x00007fffe1bb0000 - 0x00007fffe1bba000 	C:\Program Files\Java\jdk-21\bin\jimage.dll
0x00007ffff12f0000 - 0x00007ffff1531000 	C:\WINDOWS\SYSTEM32\DBGHELP.DLL
0x00007ffff51d0000 - 0x00007ffff5555000 	C:\WINDOWS\System32\combase.dll
0x00007ffff6110000 - 0x00007ffff61f0000 	C:\WINDOWS\System32\OLEAUT32.dll
0x00007fffd2f90000 - 0x00007fffd2fd3000 	C:\WINDOWS\SYSTEM32\dbgcore.DLL
0x00007ffff3c40000 - 0x00007ffff3cd9000 	C:\WINDOWS\System32\bcryptPrimitives.dll
0x00007fffda950000 - 0x00007fffda98c000 	C:\Program Files\Java\jdk-21\bin\jdwp.dll
0x00007fffdb000000 - 0x00007fffdb00f000 	C:\Program Files\Java\jdk-21\bin\instrument.dll
0x00007fffdafe0000 - 0x00007fffdafff000 	C:\Program Files\Java\jdk-21\bin\java.dll
0x00007fffd5250000 - 0x00007fffd5268000 	C:\Program Files\Java\jdk-21\bin\zip.dll
0x00007ffff5640000 - 0x00007ffff5d8d000 	C:\WINDOWS\System32\SHELL32.dll
0x00007ffff3980000 - 0x00007ffff3af3000 	C:\WINDOWS\System32\wintypes.dll
0x00007ffff1540000 - 0x00007ffff1d9f000 	C:\WINDOWS\SYSTEM32\windows.storage.dll
0x00007ffff6410000 - 0x00007ffff6505000 	C:\WINDOWS\System32\SHCORE.dll
0x00007ffff62a0000 - 0x00007ffff630a000 	C:\WINDOWS\System32\shlwapi.dll
0x00007ffff3870000 - 0x00007ffff3899000 	C:\WINDOWS\SYSTEM32\profapi.dll
0x00007fffa08e0000 - 0x00007fffa09b7000 	C:\Program Files\Java\jdk-21\bin\jsvml.dll
0x00007fffda940000 - 0x00007fffda94c000 	C:\Program Files\Java\jdk-21\bin\dt_socket.dll
0x00007ffff20e0000 - 0x00007ffff2113000 	C:\WINDOWS\SYSTEM32\IPHLPAPI.DLL
0x00007ffff2c60000 - 0x00007ffff2ccb000 	C:\WINDOWS\system32\mswsock.dll
0x00007fffdafd0000 - 0x00007fffdafe0000 	C:\Program Files\Java\jdk-21\bin\net.dll
0x00007fffea3a0000 - 0x00007fffea4be000 	C:\WINDOWS\SYSTEM32\WINHTTP.dll
0x00007fffd0670000 - 0x00007fffd0686000 	C:\Program Files\Java\jdk-21\bin\nio.dll
0x00007fffda8c0000 - 0x00007fffda935000 	C:\Users\Robert\AppData\Local\Temp\lwjglRobert\3.3.1-build-7\lwjgl.dll
0x00007fffda850000 - 0x00007fffda8b1000 	C:\Users\Robert\AppData\Local\Temp\lwjglRobert\3.3.1-build-7\glfw.dll

dbghelp: loaded successfully - version: 4.0.5 - missing functions: none
symbol engine: initialized successfully - sym options: 0x614 - pdb path: .;C:\Program Files\Java\jdk-21\bin;C:\WINDOWS\SYSTEM32;C:\WINDOWS\WinSxS\amd64_microsoft.windows.common-controls_6595b64144ccf1df_6.0.26100.4768_none_3e0c112ce331287c;C:\Program Files\Java\jdk-21\bin\server;C:\Users\Robert\AppData\Local\Temp\lwjglRobert\3.3.1-build-7

VM Arguments:
jvm_args: -Ddebugger.agent.enable.coroutines=true -Dkotlinx.coroutines.debug.enable.creation.stack.trace=false -Dkotlinx.coroutines.debug.enable.flows.stack.trace=true -Dkotlinx.coroutines.debug.enable.mutable.state.flows.stack.trace=true -agentlib:jdwp=transport=dt_socket,server=n,suspend=y,address=127.0.0.1:51351 -javaagent:C:\Users\Robert\AppData\Local\JetBrains\IdeaIC2025.1\captureAgent\debugger-agent.jar=file:///C:/Users/Robert/AppData/Local/Temp/capture18100719812241332447.props -Xmx8G -Dfile.encoding=UTF-8 -Duser.country=US -Duser.language=en -Duser.variant 
java_command: me.formercanuck.automationsurvival.Main
java_class_path (initial): E:\Dev\AutomationSurvival - Test\build\classes\java\main;E:\Dev\AutomationSurvival - Test\build\resources\main;C:\Users\Robert\.gradle\caches\modules-2\files-2.1\io.netty\netty-all\4.1.94.Final\2a7df0424eed81818157f22613f36b72487ceb34\netty-all-4.1.94.Final.jar;C:\Users\Robert\.gradle\caches\modules-2\files-2.1\org.mariadb.jdbc\mariadb-java-client\3.1.4\7f66d1f5afcacdb11ba34d2614933a206afbcff2\mariadb-java-client-3.1.4.jar;C:\Users\Robert\.gradle\caches\modules-2\files-2.1\org.lwjgl\lwjgl-glfw\3.3.1\cbac1b8d30cb4795149c1ef540f912671a8616d0\lwjgl-glfw-3.3.1.jar;C:\Users\Robert\.gradle\caches\modules-2\files-2.1\org.lwjgl\lwjgl-glfw\3.3.1\ed892f945cf7e79c8756796f32d00fa4ceaf573b\lwjgl-glfw-3.3.1-natives-windows.jar;C:\Users\Robert\.gradle\caches\modules-2\files-2.1\org.lwjgl\lwjgl-opengl\3.3.1\831a5533a21a5f4f81bbc51bb13e9899319b5411\lwjgl-opengl-3.3.1.jar;C:\Users\Robert\.gradle\caches\modules-2\files-2.1\org.lwjgl\lwjgl-opengl\3.3.1\c1807e9bd571402787d7e37e3029776ae2513bb8\lwjgl-opengl-3.3.1-natives-windows.jar;C:\Users\Robert\.gradle\caches\modules-2\files-2.1\org.lwjgl\lwjgl-stb\3.3.1\b119297cf8ed01f247abe8685857f8e7fcf5980f\lwjgl-stb-3.3.1.jar;C:\Users\Robert\.gradle\caches\modules-2\files-2.1\org.lwjgl\lwjgl-stb\3.3.1\86315914ac119efdb02dc9e8e978ade84f1702af\lwjgl-stb-3.3.1-natives-windows.jar;C:\Users\Robert\.gradle\caches\modules-2\files-2.1\org.lwjgl\lwjgl\3.3.1\ae58664f88e18a9bb2c77b063833ca7aaec484cb\lwjgl-3.3.1.jar;C:\Users\Robert\.gradle\caches\modules-2\files-2.1\org.lwjgl\lwjgl\3.3.1\36c37f16ab611b3aa11f3bcf80b1d509b4ce6b\lwjgl-3.3.1-natives-windows.jar;C:\Users\Robert\.gradle\caches\modules-2\files-2.1\org.joml\joml\1.10.5\22566d58af70ad3d72308bab63b8339906deb649\joml-1.10.5.jar;C:\Users\Robert\.gradle\caches\modules-2\files-2.1\org.mindrot\jbcrypt\0.4\af7e61017f73abb18ac4e036954f9f28c6366c07\jbcrypt-0.4.jar;C:\Users\Robert\.gradle\caches\modules-2\files-2.1\org.slf4j\slf4j-simple\2.0.13\be11a3f05f7cf546524b07ad252719d840f4daed\slf4j-simple-2.0.13.jar;C:\Users\Robert\.gradle\caches\modules-2\files-2.1\com.github.waffle\waffle-jna\3.2.0\6ac5882dea3a15575237ef5d1793c51279ae1335\waffle-jna-3.2.0.jar;C:\Users\Robert\.gradle\caches\modules-2\files-2.1\org.slf4j\jcl-over-slf4j\1.7.36\d877e195a05aca4a2f1ad2ff14bfec1393af4b5e\jcl-over-slf4j-1.7.36.jar;C:\Users\Robert\.gradle\caches\modules-2\files-2.1\org.slf4j\slf4j-api\2.0.13\80229737f704b121a318bba5d5deacbcf395bc77\slf4j-api-2.0.13.jar;C:\Users\Robert\.gradle\caches\modules-2\files-2.1\com.google.code.gson\gson\2.10.1\b3add478d4382b78ea20b1671390a858002feb6c\gson-2.10.1.jar;C:\Users\Robert\.gradle\caches\modules-2\files-2.1\io.netty\netty-transport-native-epoll\4.1.94.Final\6e60c2cd22dc8856a33e5465ee4df19f287223dc\netty-transport-native-epoll-4.1.94.Final-linux-x86_64.jar;C:\Users\Robert\.gradle\caches\modules-2\files-2.1\io.netty\netty-transport-native-epoll\4.1.94.Final\8150e269afb313a9b5b8d0494724b72602b7f0e5\netty-transport-native-epoll-4.1.94.Final-linux-aarch_64.jar;C:\Users\Robert\.gradle\caches\modules-2\files-2.1\io.netty\netty-transport-native-kqueue\4.1.94.Final\4671974882d73cf7a4f25e9b2f8e224c711a8212\netty-transport-native-kqueue-4.1.94.Final-osx-x86_64.jar;C:\Users\Robert\.gradle\caches\modules-2\files-2.1\io.netty\netty-transport-native-kqueue\4.1.94.Final\9989b4f7dd570ae9450e43b49eaed45245348710\netty-transport-native-kqueue-4.1.94.Final-osx-aarch_64.jar;C:\Users\Robert\.gradle\caches\modules-2\files-2.1\io.netty\netty-transport-classes-epoll\4.1.94.Final\240e36cd5c2ffaf655913f8857f2d58b26394679\netty-transport-classes-epoll-4.1.94.Final.jar;C:\Users\Robert\.gradle\caches\modules-2\files-2.1\io.netty\netty-transport-classes-kqueue\4.1.94.Final\dbda5dfd64fadcf4f7028cad78ee3dc5115f01ea\netty-transport-classes-kqueue-4.1.94.Final.jar;C:\Users\Robert\.gradle\caches\modules-2\files-2.1\io.netty\netty-resolver-dns-native-macos\4.1.94.Final\902cf7b70e993c0655ef6fd7f8a9f90d295e810d\netty-resolver-dns-native-macos-4.1.94.Final-osx-x86_64.jar;C:\Users\Robert\.gradle\caches\modules-2\files-2.1\io.netty\netty-resolver-dns-native-macos\4.1.94.Final\101d61afcdd5155e95eca7c3e884bd41473b5e86\netty-resolver-dns-native-macos-4.1.94.Final-osx-aarch_64.jar;C:\Users\Robert\.gradle\caches\modules-2\files-2.1\io.netty\netty-resolver-dns-classes-macos\4.1.94.Final\a4a7e28d172b56f21626b739c30133a19ba61556\netty-resolver-dns-classes-macos-4.1.94.Final.jar;C:\Users\Robert\.gradle\caches\modules-2\files-2.1\io.netty\netty-resolver-dns\4.1.94.Final\25bbe90e10685ce63c32bd0db56574cffffa28de\netty-resolver-dns-4.1.94.Final.jar;C:\Users\Robert\.gradle\caches\modules-2\files-2.1\io.netty\netty-handler\4.1.94.Final\cd9121ce24d6d3f2898946d04b0ef3ec548b00b4\netty-handler-4.1.94.Final.jar;C:\Users\Robert\.gradle\caches\modules-2\files-2.1\io.netty\netty-transport-native-unix-common\4.1.94.Final\3fa5f9d04b6b782d869d6e0657d896eeadca5866\netty-transport-native-unix-common-4.1.94.Final.jar;C:\Users\Robert\.gradle\caches\modules-2\files-2.1\io.netty\netty-codec-dns\4.1.94.Final\9180660dc8479e1594b60b02fc27404af0ea43a6\netty-codec-dns-4.1.94.Final.jar;C:\Users\Robert\.gradle\caches\modules-2\files-2.1\io.netty\netty-codec\4.1.94.Final\c70ef20ca338558147887df60f46341bc47f6900\netty-codec-4.1.94.Final.jar;C:\Users\Robert\.gradle\caches\modules-2\files-2.1\io.netty\netty-transport\4.1.94.Final\ec783a737f96991a87b1d5794e2f9eb2024d708a\netty-transport-4.1.94.Final.jar;C:\Users\Robert\.gradle\caches\modules-2\files-2.1\io.netty\netty-buffer\4.1.94.Final\eec248b26f16e888688e5bb37b7eeda76b78d2f7\netty-buffer-4.1.94.Final.jar;C:\Users\Robert\.gradle\caches\modules-2\files-2.1\io.netty\netty-codec-haproxy\4.1.94.Final\e25371aeb89c64757fcb266c2ff71cb9db946342\netty-codec-haproxy-4.1.94.Final.jar;C:\Users\Robert\.gradle\caches\modules-2\files-2.1\io.netty\netty-codec-http\4.1.94.Final\9e5404764092c1f6305ad5719078f46ab228d587\netty-codec-http-4.1.94.Final.jar;C:\Users\Robert\.gradle\caches\modules-2\files-2.1\io.netty\netty-codec-http2\4.1.94.Final\f651595784d6cca4cbca6a8ad74c48fceed6cea8\netty-codec-http2-4.1.94.Final.jar;C:\Users\Robert\.gradle\caches\modules-2\files-2.1\io.netty\netty-codec-memcache\4.1.94.Final\5a58235b715f3a0f7d53c332f849f86faa59416e\netty-codec-memcache-4.1.94.Final.jar;C:\Users\Robert\.gradle\caches\modules-2\files-2.1\io.netty\netty-codec-mqtt\4.1.94.Final\b398995b88fbd32bfca2b9b5febc102df5738a6b\netty-codec-mqtt-4.1.94.Final.jar;C:\Users\Robert\.gradle\caches\modules-2\files-2.1\io.netty\netty-codec-redis\4.1.94.Final\dd82950d83cc30a222b92bf6377781fbe6ebe3ae\netty-codec-redis-4.1.94.Final.jar;C:\Users\Robert\.gradle\caches\modules-2\files-2.1\io.netty\netty-codec-smtp\4.1.94.Final\f82f9b24ee0d35112d143f8b69a2f676454218f0\netty-codec-smtp-4.1.94.Final.jar;C:\Users\Robert\.gradle\caches\modules-2\files-2.1\io.netty\netty-codec-socks\4.1.94.Final\b9192c7cda295d75f236a13a0b1f5a008f05d516\netty-codec-socks-4.1.94.Final.jar;C:\Users\Robert\.gradle\caches\modules-2\files-2.1\io.netty\netty-codec-stomp\4.1.94.Final\40fecc7dda25e8b8f9c546adbf71a070b53e7d14\netty-codec-stomp-4.1.94.Final.jar;C:\Users\Robert\.gradle\caches\modules-2\files-2.1\io.netty\netty-codec-xml\4.1.94.Final\cfbb786c8b4f9abfbe7212e978925211e3d486de\netty-codec-xml-4.1.94.Final.jar;C:\Users\Robert\.gradle\caches\modules-2\files-2.1\io.netty\netty-resolver\4.1.94.Final\e96f649e8e9dcb29a1f8e95328b99c9eb6cf76c2\netty-resolver-4.1.94.Final.jar;C:\Users\Robert\.gradle\caches\modules-2\files-2.1\io.netty\netty-common\4.1.94.Final\ad4ecf779ebc794cd351f57792f56ea01387b868\netty-common-4.1.94.Final.jar;C:\Users\Robert\.gradle\caches\modules-2\files-2.1\io.netty\netty-handler-proxy\4.1.94.Final\26ba9d30b8f7b095155b9ac63378d6d9386d85c3\netty-handler-proxy-4.1.94.Final.jar;C:\Users\Robert\.gradle\caches\modules-2\files-2.1\io.netty\netty-handler-ssl-ocsp\4.1.94.Final\543779c4e4e2a0126cb73b8b01d999ebca25e431\netty-handler-ssl-ocsp-4.1.94.Final.jar;C:\Users\Robert\.gradle\caches\modules-2\files-2.1\io.netty\netty-transport-rxtx\4.1.94.Final\1770b1ac9361bea48cf3526c9edaf533eb63cd5f\netty-transport-rxtx-4.1.94.Final.jar;C:\Users\Robert\.gradle\caches\modules-2\files-2.1\io.netty\netty-transport-sctp\4.1.94.Final\b729f2228e40c26bae3ae967315624058614d607\netty-transport-sctp-4.1.94.Final.jar;C:\Users\Robert\.gradle\caches\modules-2\files-2.1\io.netty\netty-transport-udt\4.1.94.Final\4206d8ab8cdf909745948da7def674cf1bb94c9b\netty-transport-udt-4.1.94.Final.jar;C:\Users\Robert\.gradle\caches\modules-2\files-2.1\net.java.dev.jna\jna-platform\5.12.1\97406a297c852f4a41e688a176ec675f72e8329\jna-platform-5.12.1.jar;C:\Users\Robert\.gradle\caches\modules-2\files-2.1\net.java.dev.jna\jna\5.12.1\b1e93a735caea94f503e95e6fe79bf9cdc1e985d\jna-5.12.1.jar;C:\Users\Robert\.gradle\caches\modules-2\files-2.1\com.github.ben-manes.caffeine\caffeine\2.9.3\b162491f768824d21487551873f9b3b374a7fe19\caffeine-2.9.3.jar;C:\Users\Robert\.gradle\caches\modules-2\files-2.1\org.checkerframework\checker-qual\3.23.0\2ce274da87ae21d940ded7b827d9069206ea3001\checker-qual-3.23.0.jar;C:\Users\Robert\.gradle\caches\modules-2\files-2.1\com.google.errorprone\error_prone_annotations\2.10.0\9bc20b94d3ac42489cf6ce1e42509c86f6f861a1\error_prone_annotations-2.10.0.jar
Launcher Type: SUN_STANDARD

[Global flags]
     intx CICompilerCount                          = 12                                        {product} {ergonomic}
     uint ConcGCThreads                            = 3                                         {product} {ergonomic}
     uint G1ConcRefinementThreads                  = 13                                        {product} {ergonomic}
   size_t G1HeapRegionSize                         = 4194304                                   {product} {ergonomic}
    uintx GCDrainStackTargetSize                   = 64                                        {product} {ergonomic}
   size_t InitialHeapSize                          = 805306368                                 {product} {ergonomic}
   size_t MarkStackSize                            = 4194304                                   {product} {ergonomic}
   size_t MaxHeapSize                              = 8589934592                                {product} {command line}
   size_t MaxNewSize                               = 5150605312                                {product} {ergonomic}
   size_t MinHeapDeltaBytes                        = 4194304                                   {product} {ergonomic}
   size_t MinHeapSize                              = 8388608                                   {product} {ergonomic}
    uintx NonNMethodCodeHeapSize                   = 7602480                                {pd product} {ergonomic}
    uintx NonProfiledCodeHeapSize                  = 122027880                              {pd product} {ergonomic}
    uintx ProfiledCodeHeapSize                     = 122027880                              {pd product} {ergonomic}
    uintx ReservedCodeCacheSize                    = 251658240                              {pd product} {ergonomic}
     bool SegmentedCodeCache                       = true                                      {product} {ergonomic}
   size_t SoftMaxHeapSize                          = 8589934592                             {manageable} {ergonomic}
     bool UseCompressedOops                        = true                           {product lp64_product} {ergonomic}
     bool UseG1GC                                  = true                                      {product} {ergonomic}
     bool UseLargePagesIndividualAllocation        = false                                  {pd product} {ergonomic}

Logging:
Log output configuration:
 #0: stdout all=warning uptime,level,tags foldmultilines=false
 #1: stderr all=off uptime,level,tags foldmultilines=false

Environment Variables:
JAVA_HOME=C:\Program Files\Java\jdk-21
PATH=C:\Program Files\Eclipse Adoptium\jdk-21.0.6.7-hotspot\bin;C:\Program Files\Common Files\Oracle\Java\javapath;C:\Program Files (x86)\Common Files\Oracle\Java\java8path;C:\Program Files (x86)\Common Files\Oracle\Java\javapath;C:\Program Files\Microsoft\jdk-11.0.16.101-hotspot\bin;C:\Program Files\Java\jdk-21\bin;C:\Windows\system32;C:\Windows;C:\Windows\System32\Wbem;C:\Windows\System32\WindowsPowerShell\v1.0\;C:\Windows\System32\OpenSSH\;C:\WINDOWS\system32;C:\WINDOWS;C:\WINDOWS\System32\Wbem;C:\WINDOWS\System32\WindowsPowerShell\v1.0\;C:\WINDOWS\System32\OpenSSH\;C:\Program Files\PuTTY\;C:\Program Files\Microsoft SQL Server\130\Tools\Binn\;C:\Program Files\dotnet\;C:\ProgramData\chocolatey\bin;C:\Program Files\Git\cmd;C:\Program Files\CMake\bin;C:\Program Files (x86)\NVIDIA Corporation\PhysX\Common;C:\Users\Robert\AppData\Roaming\nvm;C:\Program Files\nodejs;C:\Users\Robert\Documents\vcpkg;C:\Program Files (x86)\Windows Kits\10\Windows Performance Toolkit\;C:\Program Files\NVIDIA Corporation\NVIDIA app\NvDLISR;C:\Users\Robert\AppData\Local\Conan\conan;C:\Program Files (x86)\GNU Arm Embedded Toolchain\10 2021.10\bin;C:\Users\Robert\AppData\Local\Programs\Python\Python39\Scripts\;C:\Users\Robert\AppData\Local\Programs\Python\Python39\;C:\Users\Robert\AppData\Local\Programs\Python\Python311\Scripts\;C:\Users\Robert\AppData\Local\Programs\Python\Python311\;C:\Users\Robert\AppData\Local\Programs\Python\Python310\Scripts\;C:\Users\Robert\AppData\Local\Programs\Python\Python310\;C:\Users\Robert\AppData\Local\Microsoft\WindowsApps;C:\Program Files\JetBrains\IntelliJ IDEA Community Edition 2024.2.4\bin;;C:\Users\Robert\AppData\Local\Programs\Microsoft VS Code\bin;C:\Users\Robert\.dotnet\tools;C:\Users\Robert\AppData\Local\Microsoft\WinGet\Links;C:\tools\TinyTeX\bin\windows;C:\Program Files\JetBrains\PyCharm Community Edition 2023.3.2\bin;;C:\Users\Robert\AppData\Roaming\npm;C:\Users\Robert\AppData\Roaming\nvm;C:\Program Files\nodejs;C:\Program Files\Java\jdk-21;C:\Program Files\JetBrains\CLion 2024.2.2\bin;;
USERNAME=Robert
OS=Windows_NT
PROCESSOR_IDENTIFIER=AMD64 Family 25 Model 33 Stepping 2, AuthenticAMD
TMP=C:\Users\Robert\AppData\Local\Temp
TEMP=C:\Users\Robert\AppData\Local\Temp




Periodic native trim disabled

---------------  S Y S T E M  ---------------

OS:
 Windows 11 , 64 bit Build 26100 (10.0.26100.4768)
OS uptime: 2 days 21:58 hours

CPU: total 16 (initial active 16) (16 cores per cpu, 2 threads per core) family 25 model 33 stepping 2 microcode 0xa20120a, cx8, cmov, fxsr, ht, mmx, 3dnowpref, sse, sse2, sse3, ssse3, sse4a, sse4.1, sse4.2, popcnt, lzcnt, tsc, tscinvbit, avx, avx2, aes, erms, clmul, bmi1, bmi2, adx, sha, fma, vzeroupper, clflush, clflushopt, rdtscp, rdpid, fsrm, f16c, pku, cet_ss
Processor Information for all 16 processors :
  Max Mhz: 3801, Current Mhz: 3801, Mhz Limit: 3801

Memory: 4k page, system-wide physical 49078M (32629M free)
TotalPageFile size 52150M (AvailPageFile size 30690M)
current process WorkingSet (physical memory assigned to process): 61M, peak: 61M
current process commit charge ("private bytes"): 886M, peak: 886M

vm_info: Java HotSpot(TM) 64-Bit Server VM (21.0.5+9-LTS-239) for windows-amd64 JRE (21.0.5+9-LTS-239), built on 2024-09-30T05:17:38Z by "mach5one" with MS VC++ 17.6 (VS2022)

END.
